{"/code/src/api/chatbot/mock/index.js": {"path":"/code/src/api/chatbot/mock/index.js","statementMap":{"0":{"start":{"line":3,"column":14},"end":{"line":9,"column":1}},"1":{"start":{"line":4,"column":2},"end":{"line":8,"column":4}},"2":{"start":{"line":5,"column":4},"end":{"line":7,"column":12}},"3":{"start":{"line":6,"column":6},"end":{"line":6,"column":23}},"4":{"start":{"line":13,"column":4},"end":{"line":13,"column":31}}},"fnMap":{"0":{"name":"(anonymous_0)","decl":{"start":{"line":3,"column":14},"end":{"line":3,"column":15}},"loc":{"start":{"line":3,"column":38},"end":{"line":9,"column":1}},"line":3},"1":{"name":"(anonymous_1)","decl":{"start":{"line":4,"column":21},"end":{"line":4,"column":22}},"loc":{"start":{"line":4,"column":34},"end":{"line":8,"column":3}},"line":4},"2":{"name":"(anonymous_2)","decl":{"start":{"line":5,"column":15},"end":{"line":5,"column":16}},"loc":{"start":{"line":5,"column":21},"end":{"line":7,"column":5}},"line":5},"3":{"name":"(anonymous_3)","decl":{"start":{"line":12,"column":2},"end":{"line":12,"column":3}},"loc":{"start":{"line":12,"column":19},"end":{"line":14,"column":3}},"line":12}},"branchMap":{"0":{"loc":{"start":{"line":3,"column":25},"end":{"line":3,"column":33}},"type":"default-arg","locations":[{"start":{"line":3,"column":32},"end":{"line":3,"column":33}}],"line":3}},"s":{"0":0,"1":0,"2":0,"3":0,"4":0},"f":{"0":0,"1":0,"2":0,"3":0},"b":{"0":[0]},"hash":"312e81ca02095ff87ef17b911f3b486300979749"}
,"/code/src/api/chatbot/server/index.js": {"path":"/code/src/api/chatbot/server/index.js","statementMap":{"0":{"start":{"line":5,"column":4},"end":{"line":7,"column":38}},"1":{"start":{"line":7,"column":24},"end":{"line":7,"column":37}}},"fnMap":{"0":{"name":"(anonymous_0)","decl":{"start":{"line":4,"column":2},"end":{"line":4,"column":3}},"loc":{"start":{"line":4,"column":19},"end":{"line":8,"column":3}},"line":4},"1":{"name":"(anonymous_1)","decl":{"start":{"line":7,"column":12},"end":{"line":7,"column":13}},"loc":{"start":{"line":7,"column":24},"end":{"line":7,"column":37}},"line":7}},"branchMap":{},"s":{"0":0,"1":0},"f":{"0":0,"1":0},"b":{},"hash":"9f29f2b8670a780e5fc28771f457dddd1a91c872"}
,"/code/src/api/documents/mock/index.js": {"path":"/code/src/api/documents/mock/index.js","statementMap":{"0":{"start":{"line":4,"column":14},"end":{"line":10,"column":1}},"1":{"start":{"line":5,"column":2},"end":{"line":9,"column":4}},"2":{"start":{"line":6,"column":4},"end":{"line":8,"column":12}},"3":{"start":{"line":7,"column":6},"end":{"line":7,"column":23}},"4":{"start":{"line":14,"column":4},"end":{"line":14,"column":33}}},"fnMap":{"0":{"name":"(anonymous_0)","decl":{"start":{"line":4,"column":14},"end":{"line":4,"column":15}},"loc":{"start":{"line":4,"column":38},"end":{"line":10,"column":1}},"line":4},"1":{"name":"(anonymous_1)","decl":{"start":{"line":5,"column":21},"end":{"line":5,"column":22}},"loc":{"start":{"line":5,"column":34},"end":{"line":9,"column":3}},"line":5},"2":{"name":"(anonymous_2)","decl":{"start":{"line":6,"column":15},"end":{"line":6,"column":16}},"loc":{"start":{"line":6,"column":21},"end":{"line":8,"column":5}},"line":6},"3":{"name":"(anonymous_3)","decl":{"start":{"line":13,"column":2},"end":{"line":13,"column":3}},"loc":{"start":{"line":13,"column":20},"end":{"line":15,"column":3}},"line":13}},"branchMap":{"0":{"loc":{"start":{"line":4,"column":25},"end":{"line":4,"column":33}},"type":"default-arg","locations":[{"start":{"line":4,"column":32},"end":{"line":4,"column":33}}],"line":4}},"s":{"0":0,"1":0,"2":0,"3":0,"4":0},"f":{"0":0,"1":0,"2":0,"3":0},"b":{"0":[0]},"hash":"005fd65f55c66865deea10d4a4f09e67ddcacc67"}
,"/code/src/api/documents/server/index.js": {"path":"/code/src/api/documents/server/index.js","statementMap":{"0":{"start":{"line":5,"column":4},"end":{"line":7,"column":38}},"1":{"start":{"line":7,"column":24},"end":{"line":7,"column":37}}},"fnMap":{"0":{"name":"(anonymous_0)","decl":{"start":{"line":4,"column":2},"end":{"line":4,"column":3}},"loc":{"start":{"line":4,"column":19},"end":{"line":8,"column":3}},"line":4},"1":{"name":"(anonymous_1)","decl":{"start":{"line":7,"column":12},"end":{"line":7,"column":13}},"loc":{"start":{"line":7,"column":24},"end":{"line":7,"column":37}},"line":7}},"branchMap":{},"s":{"0":0,"1":0},"f":{"0":0,"1":0},"b":{},"hash":"5f1f3e88e6b33cf5110089ed642c449951e2717f"}
,"/code/src/api/flows/mock/index.js": {"path":"/code/src/api/flows/mock/index.js","statementMap":{"0":{"start":{"line":4,"column":14},"end":{"line":10,"column":1}},"1":{"start":{"line":5,"column":2},"end":{"line":9,"column":4}},"2":{"start":{"line":6,"column":4},"end":{"line":8,"column":12}},"3":{"start":{"line":7,"column":6},"end":{"line":7,"column":23}},"4":{"start":{"line":14,"column":4},"end":{"line":14,"column":29}},"5":{"start":{"line":17,"column":4},"end":{"line":17,"column":29}}},"fnMap":{"0":{"name":"(anonymous_0)","decl":{"start":{"line":4,"column":14},"end":{"line":4,"column":15}},"loc":{"start":{"line":4,"column":38},"end":{"line":10,"column":1}},"line":4},"1":{"name":"(anonymous_1)","decl":{"start":{"line":5,"column":21},"end":{"line":5,"column":22}},"loc":{"start":{"line":5,"column":34},"end":{"line":9,"column":3}},"line":5},"2":{"name":"(anonymous_2)","decl":{"start":{"line":6,"column":15},"end":{"line":6,"column":16}},"loc":{"start":{"line":6,"column":21},"end":{"line":8,"column":5}},"line":6},"3":{"name":"(anonymous_3)","decl":{"start":{"line":13,"column":2},"end":{"line":13,"column":3}},"loc":{"start":{"line":13,"column":16},"end":{"line":15,"column":3}},"line":13},"4":{"name":"(anonymous_4)","decl":{"start":{"line":16,"column":2},"end":{"line":16,"column":3}},"loc":{"start":{"line":16,"column":20},"end":{"line":18,"column":3}},"line":16}},"branchMap":{"0":{"loc":{"start":{"line":4,"column":25},"end":{"line":4,"column":33}},"type":"default-arg","locations":[{"start":{"line":4,"column":32},"end":{"line":4,"column":33}}],"line":4}},"s":{"0":0,"1":0,"2":0,"3":0,"4":0,"5":0},"f":{"0":0,"1":0,"2":0,"3":0,"4":0},"b":{"0":[0]},"hash":"ab9892f3c302569ae1e9ce1aa02f48ce30fd439e"}
,"/code/src/api/flows/server/index.js": {"path":"/code/src/api/flows/server/index.js","statementMap":{"0":{"start":{"line":5,"column":4},"end":{"line":7,"column":38}},"1":{"start":{"line":7,"column":24},"end":{"line":7,"column":37}}},"fnMap":{"0":{"name":"(anonymous_0)","decl":{"start":{"line":4,"column":2},"end":{"line":4,"column":3}},"loc":{"start":{"line":4,"column":19},"end":{"line":8,"column":3}},"line":4},"1":{"name":"(anonymous_1)","decl":{"start":{"line":7,"column":12},"end":{"line":7,"column":13}},"loc":{"start":{"line":7,"column":24},"end":{"line":7,"column":37}},"line":7}},"branchMap":{},"s":{"0":0,"1":0},"f":{"0":0,"1":0},"b":{},"hash":"226f4355e3ff17b6a61f71fa8d6f8e934b6739fa"}
,"/code/src/api/services/mock/index.js": {"path":"/code/src/api/services/mock/index.js","statementMap":{"0":{"start":{"line":3,"column":14},"end":{"line":9,"column":1}},"1":{"start":{"line":4,"column":2},"end":{"line":8,"column":4}},"2":{"start":{"line":5,"column":4},"end":{"line":7,"column":12}},"3":{"start":{"line":6,"column":6},"end":{"line":6,"column":23}},"4":{"start":{"line":13,"column":4},"end":{"line":13,"column":32}}},"fnMap":{"0":{"name":"(anonymous_0)","decl":{"start":{"line":3,"column":14},"end":{"line":3,"column":15}},"loc":{"start":{"line":3,"column":38},"end":{"line":9,"column":1}},"line":3},"1":{"name":"(anonymous_1)","decl":{"start":{"line":4,"column":21},"end":{"line":4,"column":22}},"loc":{"start":{"line":4,"column":34},"end":{"line":8,"column":3}},"line":4},"2":{"name":"(anonymous_2)","decl":{"start":{"line":5,"column":15},"end":{"line":5,"column":16}},"loc":{"start":{"line":5,"column":21},"end":{"line":7,"column":5}},"line":5},"3":{"name":"(anonymous_3)","decl":{"start":{"line":12,"column":2},"end":{"line":12,"column":3}},"loc":{"start":{"line":12,"column":19},"end":{"line":14,"column":3}},"line":12}},"branchMap":{"0":{"loc":{"start":{"line":3,"column":25},"end":{"line":3,"column":33}},"type":"default-arg","locations":[{"start":{"line":3,"column":32},"end":{"line":3,"column":33}}],"line":3}},"s":{"0":0,"1":0,"2":0,"3":0,"4":0},"f":{"0":0,"1":0,"2":0,"3":0},"b":{"0":[0]},"hash":"81e7758257778dfabee6880c839c1b4770bc848c"}
,"/code/src/api/services/server/index.js": {"path":"/code/src/api/services/server/index.js","statementMap":{"0":{"start":{"line":5,"column":4},"end":{"line":7,"column":38}},"1":{"start":{"line":7,"column":24},"end":{"line":7,"column":37}}},"fnMap":{"0":{"name":"(anonymous_0)","decl":{"start":{"line":4,"column":2},"end":{"line":4,"column":3}},"loc":{"start":{"line":4,"column":19},"end":{"line":8,"column":3}},"line":4},"1":{"name":"(anonymous_1)","decl":{"start":{"line":7,"column":12},"end":{"line":7,"column":13}},"loc":{"start":{"line":7,"column":24},"end":{"line":7,"column":37}},"line":7}},"branchMap":{},"s":{"0":0,"1":0},"f":{"0":0,"1":0},"b":{},"hash":"2fbd3990b879a469e129c9cd425e00af180aad27"}
,"/code/src/boot/auth.js": {"path":"/code/src/boot/auth.js","statementMap":{"0":{"start":{"line":9,"column":2},"end":{"line":11,"column":3}},"1":{"start":{"line":10,"column":4},"end":{"line":10,"column":15}},"2":{"start":{"line":12,"column":2},"end":{"line":12,"column":14}},"3":{"start":{"line":16,"column":2},"end":{"line":26,"column":4}},"4":{"start":{"line":17,"column":4},"end":{"line":17,"column":19}},"5":{"start":{"line":19,"column":4},"end":{"line":24,"column":5}},"6":{"start":{"line":20,"column":6},"end":{"line":23,"column":8}},"7":{"start":{"line":25,"column":4},"end":{"line":25,"column":32}},"8":{"start":{"line":31,"column":2},"end":{"line":31,"column":44}},"9":{"start":{"line":36,"column":2},"end":{"line":36,"column":36}},"10":{"start":{"line":41,"column":2},"end":{"line":64,"column":4}},"11":{"start":{"line":42,"column":19},"end":{"line":42,"column":62}},"12":{"start":{"line":42,"column":45},"end":{"line":42,"column":61}},"13":{"start":{"line":43,"column":4},"end":{"line":63,"column":5}},"14":{"start":{"line":44,"column":6},"end":{"line":60,"column":8}},"15":{"start":{"line":45,"column":8},"end":{"line":45,"column":35}},"16":{"start":{"line":46,"column":8},"end":{"line":53,"column":9}},"17":{"start":{"line":47,"column":10},"end":{"line":47,"column":26}},"18":{"start":{"line":48,"column":15},"end":{"line":53,"column":9}},"19":{"start":{"line":52,"column":10},"end":{"line":52,"column":33}},"20":{"start":{"line":55,"column":8},"end":{"line":55,"column":50}},"21":{"start":{"line":56,"column":8},"end":{"line":56,"column":26}},"22":{"start":{"line":57,"column":8},"end":{"line":57,"column":24}},"23":{"start":{"line":59,"column":8},"end":{"line":59,"column":14}},"24":{"start":{"line":62,"column":6},"end":{"line":62,"column":12}},"25":{"start":{"line":69,"column":19},"end":{"line":69,"column":33}},"26":{"start":{"line":70,"column":18},"end":{"line":70,"column":50}},"27":{"start":{"line":70,"column":35},"end":{"line":70,"column":49}},"28":{"start":{"line":71,"column":2},"end":{"line":135,"column":3}},"29":{"start":{"line":75,"column":23},"end":{"line":75,"column":49}},"30":{"start":{"line":80,"column":23},"end":{"line":80,"column":50}},"31":{"start":{"line":85,"column":23},"end":{"line":85,"column":52}},"32":{"start":{"line":90,"column":23},"end":{"line":90,"column":56}},"33":{"start":{"line":95,"column":32},"end":{"line":95,"column":48}},"34":{"start":{"line":100,"column":27},"end":{"line":100,"column":63}},"35":{"start":{"line":105,"column":27},"end":{"line":105,"column":62}},"36":{"start":{"line":113,"column":32},"end":{"line":113,"column":48}},"37":{"start":{"line":118,"column":27},"end":{"line":118,"column":60}},"38":{"start":{"line":126,"column":32},"end":{"line":126,"column":48}},"39":{"start":{"line":131,"column":27},"end":{"line":131,"column":58}},"40":{"start":{"line":137,"column":2},"end":{"line":137,"column":31}},"41":{"start":{"line":139,"column":2},"end":{"line":141,"column":4}},"42":{"start":{"line":140,"column":4},"end":{"line":140,"column":33}},"43":{"start":{"line":143,"column":15},"end":{"line":143,"column":17}},"44":{"start":{"line":144,"column":2},"end":{"line":144,"column":78}},"45":{"start":{"line":144,"column":32},"end":{"line":144,"column":76}},"46":{"start":{"line":145,"column":2},"end":{"line":145,"column":67}},"47":{"start":{"line":145,"column":28},"end":{"line":145,"column":65}},"48":{"start":{"line":146,"column":2},"end":{"line":146,"column":73}},"49":{"start":{"line":146,"column":30},"end":{"line":146,"column":71}},"50":{"start":{"line":147,"column":2},"end":{"line":147,"column":78}},"51":{"start":{"line":147,"column":35},"end":{"line":147,"column":76}},"52":{"start":{"line":148,"column":2},"end":{"line":148,"column":80}},"53":{"start":{"line":148,"column":33},"end":{"line":148,"column":78}},"54":{"start":{"line":149,"column":2},"end":{"line":149,"column":64}},"55":{"start":{"line":149,"column":26},"end":{"line":149,"column":62}},"56":{"start":{"line":150,"column":2},"end":{"line":150,"column":76}},"57":{"start":{"line":150,"column":31},"end":{"line":150,"column":74}},"58":{"start":{"line":151,"column":2},"end":{"line":151,"column":90}},"59":{"start":{"line":151,"column":38},"end":{"line":151,"column":88}},"60":{"start":{"line":152,"column":2},"end":{"line":152,"column":88}},"61":{"start":{"line":152,"column":37},"end":{"line":152,"column":86}},"62":{"start":{"line":153,"column":2},"end":{"line":153,"column":62}},"63":{"start":{"line":153,"column":25},"end":{"line":153,"column":60}},"64":{"start":{"line":154,"column":2},"end":{"line":154,"column":59}},"65":{"start":{"line":154,"column":24},"end":{"line":154,"column":57}},"66":{"start":{"line":155,"column":2},"end":{"line":155,"column":30}}},"fnMap":{"0":{"name":"isArrayOrString","decl":{"start":{"line":8,"column":9},"end":{"line":8,"column":24}},"loc":{"start":{"line":8,"column":36},"end":{"line":13,"column":1}},"line":8},"1":{"name":"(anonymous_1)","decl":{"start":{"line":15,"column":15},"end":{"line":15,"column":16}},"loc":{"start":{"line":15,"column":48},"end":{"line":156,"column":1}},"line":15},"2":{"name":"(anonymous_2)","decl":{"start":{"line":16,"column":42},"end":{"line":16,"column":43}},"loc":{"start":{"line":16,"column":56},"end":{"line":18,"column":3}},"line":16},"3":{"name":"(anonymous_3)","decl":{"start":{"line":18,"column":5},"end":{"line":18,"column":6}},"loc":{"start":{"line":18,"column":16},"end":{"line":26,"column":3}},"line":18},"4":{"name":"(anonymous_4)","decl":{"start":{"line":41,"column":20},"end":{"line":41,"column":21}},"loc":{"start":{"line":41,"column":40},"end":{"line":64,"column":3}},"line":41},"5":{"name":"(anonymous_5)","decl":{"start":{"line":42,"column":35},"end":{"line":42,"column":36}},"loc":{"start":{"line":42,"column":45},"end":{"line":42,"column":61}},"line":42},"6":{"name":"(anonymous_6)","decl":{"start":{"line":44,"column":40},"end":{"line":44,"column":41}},"loc":{"start":{"line":44,"column":46},"end":{"line":54,"column":7}},"line":44},"7":{"name":"(anonymous_7)","decl":{"start":{"line":54,"column":15},"end":{"line":54,"column":16}},"loc":{"start":{"line":54,"column":22},"end":{"line":58,"column":7}},"line":54},"8":{"name":"(anonymous_8)","decl":{"start":{"line":58,"column":17},"end":{"line":58,"column":18}},"loc":{"start":{"line":58,"column":23},"end":{"line":60,"column":7}},"line":58},"9":{"name":"(anonymous_9)","decl":{"start":{"line":70,"column":30},"end":{"line":70,"column":31}},"loc":{"start":{"line":70,"column":35},"end":{"line":70,"column":49}},"line":70},"10":{"name":"(anonymous_10)","decl":{"start":{"line":75,"column":17},"end":{"line":75,"column":18}},"loc":{"start":{"line":75,"column":23},"end":{"line":75,"column":49}},"line":75},"11":{"name":"(anonymous_11)","decl":{"start":{"line":80,"column":17},"end":{"line":80,"column":18}},"loc":{"start":{"line":80,"column":23},"end":{"line":80,"column":50}},"line":80},"12":{"name":"(anonymous_12)","decl":{"start":{"line":85,"column":17},"end":{"line":85,"column":18}},"loc":{"start":{"line":85,"column":23},"end":{"line":85,"column":52}},"line":85},"13":{"name":"(anonymous_13)","decl":{"start":{"line":90,"column":17},"end":{"line":90,"column":18}},"loc":{"start":{"line":90,"column":23},"end":{"line":90,"column":56}},"line":90},"14":{"name":"(anonymous_14)","decl":{"start":{"line":95,"column":27},"end":{"line":95,"column":28}},"loc":{"start":{"line":95,"column":32},"end":{"line":95,"column":48}},"line":95},"15":{"name":"(anonymous_15)","decl":{"start":{"line":100,"column":21},"end":{"line":100,"column":22}},"loc":{"start":{"line":100,"column":27},"end":{"line":100,"column":63}},"line":100},"16":{"name":"(anonymous_16)","decl":{"start":{"line":105,"column":21},"end":{"line":105,"column":22}},"loc":{"start":{"line":105,"column":27},"end":{"line":105,"column":62}},"line":105},"17":{"name":"(anonymous_17)","decl":{"start":{"line":113,"column":27},"end":{"line":113,"column":28}},"loc":{"start":{"line":113,"column":32},"end":{"line":113,"column":48}},"line":113},"18":{"name":"(anonymous_18)","decl":{"start":{"line":118,"column":21},"end":{"line":118,"column":22}},"loc":{"start":{"line":118,"column":27},"end":{"line":118,"column":60}},"line":118},"19":{"name":"(anonymous_19)","decl":{"start":{"line":126,"column":27},"end":{"line":126,"column":28}},"loc":{"start":{"line":126,"column":32},"end":{"line":126,"column":48}},"line":126},"20":{"name":"(anonymous_20)","decl":{"start":{"line":131,"column":21},"end":{"line":131,"column":22}},"loc":{"start":{"line":131,"column":27},"end":{"line":131,"column":58}},"line":131},"21":{"name":"(anonymous_21)","decl":{"start":{"line":139,"column":37},"end":{"line":139,"column":38}},"loc":{"start":{"line":139,"column":43},"end":{"line":141,"column":3}},"line":139},"22":{"name":"(anonymous_22)","decl":{"start":{"line":144,"column":20},"end":{"line":144,"column":21}},"loc":{"start":{"line":144,"column":30},"end":{"line":144,"column":78}},"line":144},"23":{"name":"(anonymous_23)","decl":{"start":{"line":145,"column":20},"end":{"line":145,"column":21}},"loc":{"start":{"line":145,"column":26},"end":{"line":145,"column":67}},"line":145},"24":{"name":"(anonymous_24)","decl":{"start":{"line":146,"column":17},"end":{"line":146,"column":18}},"loc":{"start":{"line":146,"column":28},"end":{"line":146,"column":73}},"line":146},"25":{"name":"(anonymous_25)","decl":{"start":{"line":147,"column":17},"end":{"line":147,"column":18}},"loc":{"start":{"line":147,"column":33},"end":{"line":147,"column":78}},"line":147},"26":{"name":"(anonymous_26)","decl":{"start":{"line":148,"column":20},"end":{"line":148,"column":21}},"loc":{"start":{"line":148,"column":31},"end":{"line":148,"column":80}},"line":148},"27":{"name":"(anonymous_27)","decl":{"start":{"line":149,"column":18},"end":{"line":149,"column":19}},"loc":{"start":{"line":149,"column":24},"end":{"line":149,"column":64}},"line":149},"28":{"name":"(anonymous_28)","decl":{"start":{"line":150,"column":18},"end":{"line":150,"column":19}},"loc":{"start":{"line":150,"column":29},"end":{"line":150,"column":76}},"line":150},"29":{"name":"(anonymous_29)","decl":{"start":{"line":151,"column":26},"end":{"line":151,"column":27}},"loc":{"start":{"line":151,"column":36},"end":{"line":151,"column":90}},"line":151},"30":{"name":"(anonymous_30)","decl":{"start":{"line":152,"column":25},"end":{"line":152,"column":26}},"loc":{"start":{"line":152,"column":35},"end":{"line":152,"column":88}},"line":152},"31":{"name":"(anonymous_31)","decl":{"start":{"line":153,"column":17},"end":{"line":153,"column":18}},"loc":{"start":{"line":153,"column":23},"end":{"line":153,"column":62}},"line":153},"32":{"name":"(anonymous_32)","decl":{"start":{"line":154,"column":16},"end":{"line":154,"column":17}},"loc":{"start":{"line":154,"column":22},"end":{"line":154,"column":59}},"line":154}},"branchMap":{"0":{"loc":{"start":{"line":9,"column":2},"end":{"line":11,"column":3}},"type":"if","locations":[{"start":{"line":9,"column":2},"end":{"line":11,"column":3}},{"start":{"line":9,"column":2},"end":{"line":11,"column":3}}],"line":9},"1":{"loc":{"start":{"line":9,"column":6},"end":{"line":9,"column":68}},"type":"binary-expr","locations":[{"start":{"line":9,"column":6},"end":{"line":9,"column":35}},{"start":{"line":9,"column":39},"end":{"line":9,"column":68}}],"line":9},"2":{"loc":{"start":{"line":19,"column":4},"end":{"line":24,"column":5}},"type":"if","locations":[{"start":{"line":19,"column":4},"end":{"line":24,"column":5}},{"start":{"line":19,"column":4},"end":{"line":24,"column":5}}],"line":19},"3":{"loc":{"start":{"line":43,"column":4},"end":{"line":63,"column":5}},"type":"if","locations":[{"start":{"line":43,"column":4},"end":{"line":63,"column":5}},{"start":{"line":43,"column":4},"end":{"line":63,"column":5}}],"line":43},"4":{"loc":{"start":{"line":46,"column":8},"end":{"line":53,"column":9}},"type":"if","locations":[{"start":{"line":46,"column":8},"end":{"line":53,"column":9}},{"start":{"line":46,"column":8},"end":{"line":53,"column":9}}],"line":46},"5":{"loc":{"start":{"line":48,"column":15},"end":{"line":53,"column":9}},"type":"if","locations":[{"start":{"line":48,"column":15},"end":{"line":53,"column":9}},{"start":{"line":48,"column":15},"end":{"line":53,"column":9}}],"line":48},"6":{"loc":{"start":{"line":49,"column":10},"end":{"line":50,"column":56}},"type":"binary-expr","locations":[{"start":{"line":49,"column":10},"end":{"line":49,"column":43}},{"start":{"line":50,"column":10},"end":{"line":50,"column":56}}],"line":49}},"s":{"0":0,"1":0,"2":0,"3":0,"4":0,"5":0,"6":0,"7":0,"8":0,"9":0,"10":0,"11":0,"12":0,"13":0,"14":0,"15":0,"16":0,"17":0,"18":0,"19":0,"20":0,"21":0,"22":0,"23":0,"24":0,"25":0,"26":0,"27":0,"28":0,"29":0,"30":0,"31":0,"32":0,"33":0,"34":0,"35":0,"36":0,"37":0,"38":0,"39":0,"40":0,"41":0,"42":0,"43":0,"44":0,"45":0,"46":0,"47":0,"48":0,"49":0,"50":0,"51":0,"52":0,"53":0,"54":0,"55":0,"56":0,"57":0,"58":0,"59":0,"60":0,"61":0,"62":0,"63":0,"64":0,"65":0,"66":0},"f":{"0":0,"1":0,"2":0,"3":0,"4":0,"5":0,"6":0,"7":0,"8":0,"9":0,"10":0,"11":0,"12":0,"13":0,"14":0,"15":0,"16":0,"17":0,"18":0,"19":0,"20":0,"21":0,"22":0,"23":0,"24":0,"25":0,"26":0,"27":0,"28":0,"29":0,"30":0,"31":0,"32":0},"b":{"0":[0,0],"1":[0,0],"2":[0,0],"3":[0,0],"4":[0,0],"5":[0,0],"6":[0,0]},"hash":"22d4d4062ea230192d76ea57074e8e57774a5a04"}
,"/code/src/boot/axios.js": {"path":"/code/src/boot/axios.js","statementMap":{"0":{"start":{"line":4,"column":22},"end":{"line":9,"column":2}},"1":{"start":{"line":6,"column":4},"end":{"line":6,"column":58}},"2":{"start":{"line":12,"column":2},"end":{"line":12,"column":38}}},"fnMap":{"0":{"name":"(anonymous_0)","decl":{"start":{"line":5,"column":20},"end":{"line":5,"column":21}},"loc":{"start":{"line":5,"column":30},"end":{"line":7,"column":3}},"line":5},"1":{"name":"(anonymous_1)","decl":{"start":{"line":11,"column":15},"end":{"line":11,"column":16}},"loc":{"start":{"line":11,"column":28},"end":{"line":13,"column":1}},"line":11}},"branchMap":{},"s":{"0":0,"1":0,"2":0},"f":{"0":0,"1":0},"b":{},"hash":"ea36fbe7785bd0e7a4fafab696a012fc46e75cbb"}
,"/code/src/boot/i18n.js": {"path":"/code/src/boot/i18n.js","statementMap":{"0":{"start":{"line":7,"column":0},"end":{"line":7,"column":16}},"1":{"start":{"line":8,"column":21},"end":{"line":12,"column":2}},"2":{"start":{"line":15,"column":2},"end":{"line":15,"column":25}},"3":{"start":{"line":20,"column":25},"end":{"line":27,"column":1}},"4":{"start":{"line":21,"column":2},"end":{"line":21,"column":30}},"5":{"start":{"line":22,"column":2},"end":{"line":22,"column":67}},"6":{"start":{"line":24,"column":2},"end":{"line":26,"column":4}},"7":{"start":{"line":25,"column":4},"end":{"line":25,"column":33}}},"fnMap":{"0":{"name":"(anonymous_0)","decl":{"start":{"line":14,"column":15},"end":{"line":14,"column":16}},"loc":{"start":{"line":14,"column":34},"end":{"line":16,"column":1}},"line":14},"1":{"name":"(anonymous_1)","decl":{"start":{"line":20,"column":25},"end":{"line":20,"column":26}},"loc":{"start":{"line":20,"column":35},"end":{"line":27,"column":1}},"line":20},"2":{"name":"(anonymous_2)","decl":{"start":{"line":24,"column":39},"end":{"line":24,"column":40}},"loc":{"start":{"line":24,"column":47},"end":{"line":26,"column":3}},"line":24}},"branchMap":{},"s":{"0":0,"1":0,"2":0,"3":0,"4":0,"5":0,"6":0,"7":0},"f":{"0":0,"1":0,"2":0},"b":{},"hash":"c52b4b4736a87e339f2563640b075702e744f31d"}
,"/code/src/boot/mermaid.js": {"path":"/code/src/boot/mermaid.js","statementMap":{"0":{"start":{"line":5,"column":0},"end":{"line":5,"column":20}},"1":{"start":{"line":12,"column":0},"end":{"line":12,"column":42}},"2":{"start":{"line":14,"column":0},"end":{"line":18,"column":3}}},"fnMap":{},"branchMap":{},"s":{"0":0,"1":0,"2":0},"f":{},"b":{},"hash":"ac48cac05bdfe2b47275eb54492bbfc7ea6a69d3"}
,"/code/src/boot/vuelidate.js": {"path":"/code/src/boot/vuelidate.js","statementMap":{},"fnMap":{"0":{"name":"(anonymous_0)","decl":{"start":{"line":4,"column":15},"end":{"line":4,"column":16}},"loc":{"start":{"line":4,"column":58},"end":{"line":6,"column":1}},"line":4}},"branchMap":{},"s":{},"f":{"0":0},"b":{},"hash":"906ea24c0dfead79455d9c0ec041790a109112f9"}
,"/code/src/components/Chatbot.vue": {"path":"/code/src/components/Chatbot.vue","statementMap":{"0":{"start":{"line":24,"column":0},"end":{"line":24,"column":null}},"1":{"start":{"line":32,"column":0},"end":{"line":32,"column":null}},"2":{"start":{"line":37,"column":0},"end":{"line":37,"column":null}},"3":{"start":{"line":39,"column":0},"end":{"line":39,"column":null}},"4":{"start":{"line":40,"column":0},"end":{"line":43,"column":null}},"5":{"start":{"line":42,"column":0},"end":{"line":42,"column":null}},"6":{"start":{"line":47,"column":0},"end":{"line":47,"column":null}},"7":{"start":{"line":50,"column":0},"end":{"line":50,"column":null}},"8":{"start":{"line":52,"column":0},"end":{"line":52,"column":null}},"9":{"start":{"line":53,"column":0},"end":{"line":53,"column":null}},"10":{"start":{"line":50,"column":0},"end":{"line":54,"column":null}},"11":{"start":{"line":54,"column":0},"end":{"line":54,"column":null}},"12":{"start":{"line":55,"column":0},"end":{"line":55,"column":null}},"13":{"start":{"line":56,"column":0},"end":{"line":56,"column":null}},"14":{"start":{"line":57,"column":0},"end":{"line":57,"column":null}},"15":{"start":{"line":58,"column":0},"end":{"line":58,"column":null}}},"fnMap":{"0":{"name":"data","decl":{"start":{"line":31,"column":0},"end":{"line":31,"column":null}},"loc":{"start":{"line":31,"column":0},"end":{"line":36,"column":null}}},"1":{"name":"created","decl":{"start":{"line":37,"column":0},"end":{"line":37,"column":null}},"loc":{"start":{"line":37,"column":0},"end":{"line":44,"column":null}}},"2":{"name":"(anonymous_3)","decl":{"start":{"line":40,"column":0},"end":{"line":40,"column":null}},"loc":{"start":{"line":40,"column":0},"end":{"line":43,"column":null}}},"3":{"name":"messages","decl":{"start":{"line":46,"column":0},"end":{"line":46,"column":null}},"loc":{"start":{"line":46,"column":0},"end":{"line":48,"column":null}}},"4":{"name":"getWord","decl":{"start":{"line":51,"column":0},"end":{"line":51,"column":null}},"loc":{"start":{"line":51,"column":0},"end":{"line":50,"column":null}}},"5":{"name":"getWord$","decl":{"start":{"line":50,"column":0},"end":{"line":50,"column":null}},"loc":{"start":{"line":50,"column":0},"end":{"line":50,"column":null}}}},"branchMap":{"0":{"loc":{"start":{"line":50,"column":0},"end":{"line":54,"column":null}},"type":"switch","locations":[{"start":{"line":50,"column":0},"end":{"line":54,"column":null}},{"start":{"line":50,"column":0},"end":{"line":58,"column":null}},{"start":{"line":50,"column":0},"end":{"line":50,"column":null}},{"start":{"line":50,"column":0},"end":{"line":50,"column":null}}]}},"s":{"0":0,"1":0,"2":0,"3":0,"4":0,"5":0,"6":0,"7":0,"8":0,"9":0,"10":0,"11":0,"12":0,"13":0,"14":0,"15":0},"f":{"0":0,"1":0,"2":0,"3":0,"4":0,"5":0},"b":{"0":[0,0,0,0]}}
,"/code/src/components/DocumentItem.vue": {"path":"/code/src/components/DocumentItem.vue","statementMap":{"0":{"start":{"line":20,"column":0},"end":{"line":20,"column":null}}},"fnMap":{"0":{"name":"data","decl":{"start":{"line":19,"column":0},"end":{"line":19,"column":null}},"loc":{"start":{"line":19,"column":0},"end":{"line":21,"column":null}}}},"branchMap":{},"s":{"0":1},"f":{"0":1},"b":{}}
,"/code/src/components/Documents.vue": {"path":"/code/src/components/Documents.vue","statementMap":{"0":{"start":{"line":20,"column":0},"end":{"line":20,"column":null}},"1":{"start":{"line":21,"column":0},"end":{"line":21,"column":null}},"2":{"start":{"line":22,"column":0},"end":{"line":22,"column":null}},"3":{"start":{"line":23,"column":0},"end":{"line":23,"column":null}},"4":{"start":{"line":24,"column":0},"end":{"line":24,"column":null}},"5":{"start":{"line":37,"column":0},"end":{"line":37,"column":null}},"6":{"start":{"line":47,"column":0},"end":{"line":47,"column":null}},"7":{"start":{"line":50,"column":0},"end":{"line":50,"column":null}},"8":{"start":{"line":53,"column":0},"end":{"line":53,"column":null}},"9":{"start":{"line":54,"column":0},"end":{"line":54,"column":null}},"10":{"start":{"line":55,"column":0},"end":{"line":55,"column":null}},"11":{"start":{"line":56,"column":0},"end":{"line":59,"column":null}},"12":{"start":{"line":58,"column":0},"end":{"line":58,"column":null}},"13":{"start":{"line":61,"column":0},"end":{"line":61,"column":null}},"14":{"start":{"line":62,"column":0},"end":{"line":62,"column":null}},"15":{"start":{"line":76,"column":0},"end":{"line":76,"column":null}},"16":{"start":{"line":79,"column":0},"end":{"line":79,"column":null}},"17":{"start":{"line":80,"column":0},"end":{"line":80,"column":null}},"18":{"start":{"line":83,"column":0},"end":{"line":105,"column":null}},"19":{"start":{"line":84,"column":0},"end":{"line":84,"column":null}},"20":{"start":{"line":93,"column":0},"end":{"line":93,"column":null}},"21":{"start":{"line":106,"column":0},"end":{"line":106,"column":null}},"22":{"start":{"line":129,"column":0},"end":{"line":129,"column":null}}},"fnMap":{"0":{"name":"data","decl":{"start":{"line":36,"column":0},"end":{"line":36,"column":null}},"loc":{"start":{"line":36,"column":0},"end":{"line":41,"column":null}}},"1":{"name":"uppyId","decl":{"start":{"line":46,"column":0},"end":{"line":46,"column":null}},"loc":{"start":{"line":46,"column":0},"end":{"line":48,"column":null}}},"2":{"name":"documents","decl":{"start":{"line":49,"column":0},"end":{"line":49,"column":null}},"loc":{"start":{"line":49,"column":0},"end":{"line":51,"column":null}}},"3":{"name":"created","decl":{"start":{"line":53,"column":0},"end":{"line":53,"column":null}},"loc":{"start":{"line":53,"column":0},"end":{"line":60,"column":null}}},"4":{"name":"(anonymous_5)","decl":{"start":{"line":56,"column":0},"end":{"line":56,"column":null}},"loc":{"start":{"line":56,"column":0},"end":{"line":59,"column":null}}},"5":{"name":"mounted","decl":{"start":{"line":61,"column":0},"end":{"line":61,"column":null}},"loc":{"start":{"line":61,"column":0},"end":{"line":130,"column":null}}},"6":{"name":"onBeforeFileAdded","decl":{"start":{"line":75,"column":0},"end":{"line":75,"column":null}},"loc":{"start":{"line":75,"column":0},"end":{"line":77,"column":null}}},"7":{"name":"onBeforeUpload","decl":{"start":{"line":78,"column":0},"end":{"line":78,"column":null}},"loc":{"start":{"line":78,"column":0},"end":{"line":81,"column":null}}}},"branchMap":{"0":{"loc":{"start":{"line":83,"column":0},"end":{"line":105,"column":null}},"type":"if","locations":[{"start":{"line":83,"column":0},"end":{"line":105,"column":null}},{"start":{"line":83,"column":0},"end":{"line":105,"column":null}}]}},"s":{"0":0,"1":0,"2":0,"3":0,"4":0,"5":0,"6":0,"7":0,"8":0,"9":0,"10":0,"11":0,"12":0,"13":0,"14":0,"15":0,"16":0,"17":0,"18":0,"19":0,"20":0,"21":0,"22":0},"f":{"0":0,"1":0,"2":0,"3":0,"4":0,"5":0,"6":0,"7":0},"b":{"0":[0,0]}}
,"/code/src/components/Flows.vue": {"path":"/code/src/components/Flows.vue","statementMap":{"0":{"start":{"line":51,"column":0},"end":{"line":51,"column":null}},"1":{"start":{"line":54,"column":0},"end":{"line":54,"column":null}},"2":{"start":{"line":56,"column":0},"end":{"line":56,"column":null}},"3":{"start":{"line":59,"column":0},"end":{"line":59,"column":null}},"4":{"start":{"line":69,"column":0},"end":{"line":69,"column":null}},"5":{"start":{"line":119,"column":0},"end":{"line":119,"column":null}},"6":{"start":{"line":122,"column":0},"end":{"line":122,"column":null}},"7":{"start":{"line":125,"column":0},"end":{"line":125,"column":null}},"8":{"start":{"line":128,"column":0},"end":{"line":128,"column":null}},"9":{"start":{"line":131,"column":0},"end":{"line":131,"column":null}},"10":{"start":{"line":136,"column":0},"end":{"line":136,"column":null}},"11":{"start":{"line":137,"column":0},"end":{"line":137,"column":null}},"12":{"start":{"line":138,"column":0},"end":{"line":138,"column":null}},"13":{"start":{"line":139,"column":0},"end":{"line":139,"column":null}},"14":{"start":{"line":140,"column":0},"end":{"line":140,"column":null}},"15":{"start":{"line":141,"column":0},"end":{"line":141,"column":null}},"16":{"start":{"line":142,"column":0},"end":{"line":142,"column":null}},"17":{"start":{"line":143,"column":0},"end":{"line":143,"column":null}},"18":{"start":{"line":152,"column":0},"end":{"line":152,"column":null}},"19":{"start":{"line":153,"column":0},"end":{"line":153,"column":null}},"20":{"start":{"line":154,"column":0},"end":{"line":154,"column":null}},"21":{"start":{"line":155,"column":0},"end":{"line":155,"column":null}},"22":{"start":{"line":156,"column":0},"end":{"line":156,"column":null}},"23":{"start":{"line":159,"column":0},"end":{"line":159,"column":null}},"24":{"start":{"line":161,"column":0},"end":{"line":161,"column":null}},"25":{"start":{"line":164,"column":0},"end":{"line":164,"column":null}},"26":{"start":{"line":165,"column":0},"end":{"line":172,"column":null}},"27":{"start":{"line":166,"column":0},"end":{"line":166,"column":null}},"28":{"start":{"line":167,"column":0},"end":{"line":167,"column":null}},"29":{"start":{"line":168,"column":0},"end":{"line":168,"column":null}},"30":{"start":{"line":170,"column":0},"end":{"line":170,"column":null}},"31":{"start":{"line":176,"column":0},"end":{"line":176,"column":null}},"32":{"start":{"line":184,"column":0},"end":{"line":184,"column":null}},"33":{"start":{"line":188,"column":0},"end":{"line":188,"column":null}},"34":{"start":{"line":189,"column":0},"end":{"line":189,"column":null}},"35":{"start":{"line":193,"column":0},"end":{"line":193,"column":null}},"36":{"start":{"line":194,"column":0},"end":{"line":227,"column":null}},"37":{"start":{"line":195,"column":0},"end":{"line":225,"column":null}},"38":{"start":{"line":196,"column":0},"end":{"line":196,"column":null}},"39":{"start":{"line":197,"column":0},"end":{"line":197,"column":null}},"40":{"start":{"line":198,"column":0},"end":{"line":198,"column":null}},"41":{"start":{"line":200,"column":0},"end":{"line":200,"column":null}},"42":{"start":{"line":202,"column":0},"end":{"line":202,"column":null}},"43":{"start":{"line":203,"column":0},"end":{"line":203,"column":null}},"44":{"start":{"line":205,"column":0},"end":{"line":205,"column":null}},"45":{"start":{"line":210,"column":0},"end":{"line":210,"column":null}},"46":{"start":{"line":211,"column":0},"end":{"line":211,"column":null}},"47":{"start":{"line":212,"column":0},"end":{"line":212,"column":null}},"48":{"start":{"line":213,"column":0},"end":{"line":213,"column":null}},"49":{"start":{"line":215,"column":0},"end":{"line":215,"column":null}},"50":{"start":{"line":230,"column":0},"end":{"line":230,"column":null}},"51":{"start":{"line":231,"column":0},"end":{"line":231,"column":null}},"52":{"start":{"line":232,"column":0},"end":{"line":232,"column":null}},"53":{"start":{"line":233,"column":0},"end":{"line":236,"column":null}},"54":{"start":{"line":235,"column":0},"end":{"line":235,"column":null}}},"fnMap":{"0":{"name":"data","decl":{"start":{"line":68,"column":0},"end":{"line":68,"column":null}},"loc":{"start":{"line":68,"column":0},"end":{"line":116,"column":null}}},"1":{"name":"flows","decl":{"start":{"line":118,"column":0},"end":{"line":118,"column":null}},"loc":{"start":{"line":118,"column":0},"end":{"line":120,"column":null}}},"2":{"name":"flowData","decl":{"start":{"line":121,"column":0},"end":{"line":121,"column":null}},"loc":{"start":{"line":121,"column":0},"end":{"line":123,"column":null}}},"3":{"name":"longitude","decl":{"start":{"line":124,"column":0},"end":{"line":124,"column":null}},"loc":{"start":{"line":124,"column":0},"end":{"line":126,"column":null}}},"4":{"name":"nodePanelVisible","decl":{"start":{"line":127,"column":0},"end":{"line":127,"column":null}},"loc":{"start":{"line":127,"column":0},"end":{"line":129,"column":null}}},"5":{"name":"documents","decl":{"start":{"line":130,"column":0},"end":{"line":130,"column":null}},"loc":{"start":{"line":130,"column":0},"end":{"line":132,"column":null}}},"6":{"name":"showFlow","decl":{"start":{"line":135,"column":0},"end":{"line":135,"column":null}},"loc":{"start":{"line":135,"column":0},"end":{"line":145,"column":null}}},"7":{"name":"(anonymous_8)","decl":{"start":{"line":138,"column":0},"end":{"line":138,"column":null}},"loc":{"start":{"line":138,"column":0},"end":{"line":138,"column":null}}},"8":{"name":"editNodeMer","decl":{"start":{"line":151,"column":0},"end":{"line":151,"column":null}},"loc":{"start":{"line":151,"column":0},"end":{"line":157,"column":null}}},"9":{"name":"(anonymous_10)","decl":{"start":{"line":153,"column":0},"end":{"line":153,"column":null}},"loc":{"start":{"line":153,"column":0},"end":{"line":153,"column":null}}},"10":{"name":"addNode","decl":{"start":{"line":158,"column":0},"end":{"line":158,"column":null}},"loc":{"start":{"line":158,"column":0},"end":{"line":162,"column":null}}},"11":{"name":"deleteNode","decl":{"start":{"line":163,"column":0},"end":{"line":163,"column":null}},"loc":{"start":{"line":163,"column":0},"end":{"line":174,"column":null}}},"12":{"name":"updateNode","decl":{"start":{"line":175,"column":0},"end":{"line":175,"column":null}},"loc":{"start":{"line":175,"column":0},"end":{"line":177,"column":null}}},"13":{"name":"preConfig","decl":{"start":{"line":178,"column":0},"end":{"line":178,"column":null}},"loc":{"start":{"line":178,"column":0},"end":{"line":185,"column":null}}},"14":{"name":"afterCreated","decl":{"start":{"line":186,"column":0},"end":{"line":186,"column":null}},"loc":{"start":{"line":186,"column":0},"end":{"line":190,"column":null}}},"15":{"name":"mounted","decl":{"start":{"line":193,"column":0},"end":{"line":193,"column":null}},"loc":{"start":{"line":193,"column":0},"end":{"line":228,"column":null}}},"16":{"name":"(anonymous_17)","decl":{"start":{"line":194,"column":0},"end":{"line":194,"column":null}},"loc":{"start":{"line":194,"column":0},"end":{"line":227,"column":null}}},"17":{"name":"created","decl":{"start":{"line":230,"column":0},"end":{"line":230,"column":null}},"loc":{"start":{"line":230,"column":0},"end":{"line":237,"column":null}}},"18":{"name":"(anonymous_19)","decl":{"start":{"line":233,"column":0},"end":{"line":233,"column":null}},"loc":{"start":{"line":233,"column":0},"end":{"line":236,"column":null}}}},"branchMap":{"0":{"loc":{"start":{"line":165,"column":0},"end":{"line":172,"column":null}},"type":"if","locations":[{"start":{"line":165,"column":0},"end":{"line":172,"column":null}},{"start":{"line":165,"column":0},"end":{"line":172,"column":null}}]},"1":{"loc":{"start":{"line":195,"column":0},"end":{"line":225,"column":null}},"type":"if","locations":[{"start":{"line":195,"column":0},"end":{"line":225,"column":null}},{"start":{"line":195,"column":0},"end":{"line":225,"column":null}}]}},"s":{"0":0,"1":0,"2":0,"3":0,"4":0,"5":0,"6":0,"7":0,"8":0,"9":0,"10":0,"11":0,"12":0,"13":0,"14":0,"15":0,"16":0,"17":0,"18":0,"19":0,"20":0,"21":0,"22":0,"23":0,"24":0,"25":0,"26":0,"27":0,"28":0,"29":0,"30":0,"31":0,"32":0,"33":0,"34":0,"35":0,"36":0,"37":0,"38":0,"39":0,"40":0,"41":0,"42":0,"43":0,"44":0,"45":0,"46":0,"47":0,"48":0,"49":0,"50":0,"51":0,"52":0,"53":0,"54":0},"f":{"0":0,"1":0,"2":0,"3":0,"4":0,"5":0,"6":0,"7":0,"8":0,"9":0,"10":0,"11":0,"12":0,"13":0,"14":0,"15":0,"16":0,"17":0,"18":0},"b":{"0":[0,0],"1":[0,0]}}
,"/code/src/components/Map.vue": {"path":"/code/src/components/Map.vue","statementMap":{"0":{"start":{"line":14,"column":0},"end":{"line":14,"column":null}},"1":{"start":{"line":15,"column":0},"end":{"line":15,"column":null}},"2":{"start":{"line":17,"column":0},"end":{"line":17,"column":null}},"3":{"start":{"line":21,"column":0},"end":{"line":21,"column":null}},"4":{"start":{"line":22,"column":0},"end":{"line":22,"column":null}},"5":{"start":{"line":23,"column":0},"end":{"line":23,"column":null}},"6":{"start":{"line":34,"column":0},"end":{"line":34,"column":null}},"7":{"start":{"line":35,"column":0},"end":{"line":41,"column":null}},"8":{"start":{"line":35,"column":0},"end":{"line":35,"column":null}},"9":{"start":{"line":36,"column":0},"end":{"line":36,"column":null}},"10":{"start":{"line":42,"column":0},"end":{"line":42,"column":null}}},"fnMap":{"0":{"name":"rand","decl":{"start":{"line":20,"column":0},"end":{"line":20,"column":null}},"loc":{"start":{"line":20,"column":0},"end":{"line":24,"column":null}}},"1":{"name":"data","decl":{"start":{"line":33,"column":0},"end":{"line":33,"column":null}},"loc":{"start":{"line":33,"column":0},"end":{"line":49,"column":null}}}},"branchMap":{},"s":{"0":0,"1":0,"2":0,"3":0,"4":0,"5":0,"6":0,"7":0,"8":0,"9":0,"10":0},"f":{"0":0,"1":0},"b":{}}
,"/code/src/components/Services.vue": {"path":"/code/src/components/Services.vue","statementMap":{"0":{"start":{"line":57,"column":0},"end":{"line":57,"column":null}},"1":{"start":{"line":64,"column":0},"end":{"line":64,"column":null}},"2":{"start":{"line":68,"column":0},"end":{"line":68,"column":null}},"3":{"start":{"line":69,"column":0},"end":{"line":69,"column":null}},"4":{"start":{"line":70,"column":0},"end":{"line":73,"column":null}},"5":{"start":{"line":72,"column":0},"end":{"line":72,"column":null}}},"fnMap":{"0":{"name":"data","decl":{"start":{"line":56,"column":0},"end":{"line":56,"column":null}},"loc":{"start":{"line":56,"column":0},"end":{"line":60,"column":null}}},"1":{"name":"services","decl":{"start":{"line":63,"column":0},"end":{"line":63,"column":null}},"loc":{"start":{"line":63,"column":0},"end":{"line":65,"column":null}}},"2":{"name":"created","decl":{"start":{"line":68,"column":0},"end":{"line":68,"column":null}},"loc":{"start":{"line":68,"column":0},"end":{"line":74,"column":null}}},"3":{"name":"(anonymous_4)","decl":{"start":{"line":70,"column":0},"end":{"line":70,"column":null}},"loc":{"start":{"line":70,"column":0},"end":{"line":73,"column":null}}}},"branchMap":{},"s":{"0":0,"1":0,"2":0,"3":0,"4":0,"5":0},"f":{"0":0,"1":0,"2":0,"3":0},"b":{}}
,"/code/src/i18n/index.js": {"path":"/code/src/i18n/index.js","statementMap":{},"fnMap":{},"branchMap":{},"s":{},"f":{},"b":{},"hash":"d7474b1e4860b4e93a5cca31c745dd025a8e2df8"}
,"/code/src/i18n/en-us/auth.js": {"path":"/code/src/i18n/en-us/auth.js","statementMap":{},"fnMap":{},"branchMap":{},"s":{},"f":{},"b":{},"hash":"c545f65af0a0e4716a8ae777c3f238a018ea04c5"}
,"/code/src/i18n/en-us/index.js": {"path":"/code/src/i18n/en-us/index.js","statementMap":{},"fnMap":{},"branchMap":{},"s":{},"f":{},"b":{},"hash":"9e832a25eb822c60824e16df08d2bc4b1e819c70"}
,"/code/src/layouts/MyLayout.vue": {"path":"/code/src/layouts/MyLayout.vue","statementMap":{"0":{"start":{"line":95,"column":0},"end":{"line":95,"column":null}},"1":{"start":{"line":105,"column":0},"end":{"line":105,"column":null}}},"fnMap":{"0":{"name":"data","decl":{"start":{"line":104,"column":0},"end":{"line":104,"column":null}},"loc":{"start":{"line":104,"column":0},"end":{"line":108,"column":null}}}},"branchMap":{},"s":{"0":0,"1":0},"f":{"0":0},"b":{}}
,"/code/src/pages/auth/Login.vue": {"path":"/code/src/pages/auth/Login.vue","statementMap":{"0":{"start":{"line":57,"column":0},"end":{"line":57,"column":null}},"1":{"start":{"line":61,"column":0},"end":{"line":61,"column":null}},"2":{"start":{"line":62,"column":0},"end":{"line":62,"column":null}},"3":{"start":{"line":73,"column":0},"end":{"line":73,"column":null}},"4":{"start":{"line":76,"column":0},"end":{"line":76,"column":null}},"5":{"start":{"line":81,"column":0},"end":{"line":81,"column":null}},"6":{"start":{"line":82,"column":0},"end":{"line":82,"column":null}},"7":{"start":{"line":83,"column":0},"end":{"line":105,"column":null}},"8":{"start":{"line":86,"column":0},"end":{"line":86,"column":null}},"9":{"start":{"line":89,"column":0},"end":{"line":101,"column":null}},"10":{"start":{"line":90,"column":0},"end":{"line":100,"column":null}},"11":{"start":{"line":91,"column":0},"end":{"line":91,"column":null}},"12":{"start":{"line":94,"column":0},"end":{"line":100,"column":null}},"13":{"start":{"line":95,"column":0},"end":{"line":95,"column":null}},"14":{"start":{"line":99,"column":0},"end":{"line":99,"column":null}},"15":{"start":{"line":104,"column":0},"end":{"line":104,"column":null}}},"fnMap":{"0":{"name":"data","decl":{"start":{"line":61,"column":0},"end":{"line":61,"column":null}},"loc":{"start":{"line":61,"column":0},"end":{"line":79,"column":null}}},"1":{"name":"(anonymous_2)","decl":{"start":{"line":72,"column":0},"end":{"line":72,"column":null}},"loc":{"start":{"line":72,"column":0},"end":{"line":73,"column":null}}},"2":{"name":"(anonymous_3)","decl":{"start":{"line":76,"column":0},"end":{"line":76,"column":null}},"loc":{"start":{"line":76,"column":0},"end":{"line":76,"column":null}}},"3":{"name":"onSubmit","decl":{"start":{"line":81,"column":0},"end":{"line":81,"column":null}},"loc":{"start":{"line":81,"column":0},"end":{"line":106,"column":null}}},"4":{"name":"(anonymous_5)","decl":{"start":{"line":83,"column":0},"end":{"line":83,"column":null}},"loc":{"start":{"line":83,"column":0},"end":{"line":87,"column":null}}},"5":{"name":"(anonymous_6)","decl":{"start":{"line":87,"column":0},"end":{"line":87,"column":null}},"loc":{"start":{"line":87,"column":0},"end":{"line":102,"column":null}}},"6":{"name":"(anonymous_7)","decl":{"start":{"line":102,"column":0},"end":{"line":102,"column":null}},"loc":{"start":{"line":102,"column":0},"end":{"line":105,"column":null}}}},"branchMap":{"0":{"loc":{"start":{"line":73,"column":0},"end":{"line":73,"column":null}},"type":"binary-expr","locations":[{"start":{"line":73,"column":0},"end":{"line":73,"column":null}},{"start":{"line":73,"column":0},"end":{"line":73,"column":null}}]},"1":{"loc":{"start":{"line":76,"column":0},"end":{"line":76,"column":null}},"type":"binary-expr","locations":[{"start":{"line":76,"column":0},"end":{"line":76,"column":null}},{"start":{"line":76,"column":0},"end":{"line":76,"column":null}}]},"2":{"loc":{"start":{"line":89,"column":0},"end":{"line":101,"column":null}},"type":"if","locations":[{"start":{"line":89,"column":0},"end":{"line":101,"column":null}},{"start":{"line":89,"column":0},"end":{"line":101,"column":null}}]},"3":{"loc":{"start":{"line":90,"column":0},"end":{"line":100,"column":null}},"type":"if","locations":[{"start":{"line":90,"column":0},"end":{"line":100,"column":null}},{"start":{"line":90,"column":0},"end":{"line":100,"column":null}}]},"4":{"loc":{"start":{"line":94,"column":0},"end":{"line":100,"column":null}},"type":"if","locations":[{"start":{"line":94,"column":0},"end":{"line":100,"column":null}},{"start":{"line":94,"column":0},"end":{"line":100,"column":null}}]}},"s":{"0":0,"1":0,"2":0,"3":0,"4":0,"5":0,"6":0,"7":0,"8":0,"9":0,"10":0,"11":0,"12":0,"13":0,"14":0,"15":0},"f":{"0":0,"1":0,"2":0,"3":0,"4":0,"5":0,"6":0},"b":{"0":[0,0],"1":[0,0],"2":[0,0],"3":[0,0],"4":[0,0]}}
,"/code/src/pages/auth/Logout.vue": {"path":"/code/src/pages/auth/Logout.vue","statementMap":{"0":{"start":{"line":8,"column":0},"end":{"line":8,"column":null}},"1":{"start":{"line":9,"column":0},"end":{"line":20,"column":null}},"2":{"start":{"line":15,"column":0},"end":{"line":17,"column":null}},"3":{"start":{"line":16,"column":0},"end":{"line":16,"column":null}},"4":{"start":{"line":19,"column":0},"end":{"line":19,"column":null}}},"fnMap":{"0":{"name":"mounted","decl":{"start":{"line":8,"column":0},"end":{"line":8,"column":null}},"loc":{"start":{"line":8,"column":0},"end":{"line":21,"column":null}}},"1":{"name":"(anonymous_2)","decl":{"start":{"line":9,"column":0},"end":{"line":9,"column":null}},"loc":{"start":{"line":9,"column":0},"end":{"line":18,"column":null}}},"2":{"name":"(anonymous_3)","decl":{"start":{"line":15,"column":0},"end":{"line":15,"column":null}},"loc":{"start":{"line":15,"column":0},"end":{"line":17,"column":null}}},"3":{"name":"(anonymous_4)","decl":{"start":{"line":18,"column":0},"end":{"line":18,"column":null}},"loc":{"start":{"line":18,"column":0},"end":{"line":20,"column":null}}}},"branchMap":{},"s":{"0":0,"1":0,"2":0,"3":0,"4":0},"f":{"0":0,"1":0,"2":0,"3":0},"b":{}}
,"/code/src/pages/auth/Register.vue": {"path":"/code/src/pages/auth/Register.vue","statementMap":{"0":{"start":{"line":74,"column":0},"end":{"line":74,"column":null}},"1":{"start":{"line":75,"column":0},"end":{"line":75,"column":null}},"2":{"start":{"line":77,"column":0},"end":{"line":77,"column":null}},"3":{"start":{"line":81,"column":0},"end":{"line":81,"column":null}},"4":{"start":{"line":82,"column":0},"end":{"line":82,"column":null}},"5":{"start":{"line":93,"column":0},"end":{"line":93,"column":null}},"6":{"start":{"line":94,"column":0},"end":{"line":94,"column":null}},"7":{"start":{"line":96,"column":0},"end":{"line":96,"column":null}},"8":{"start":{"line":98,"column":0},"end":{"line":98,"column":null}},"9":{"start":{"line":99,"column":0},"end":{"line":101,"column":null}},"10":{"start":{"line":106,"column":0},"end":{"line":106,"column":null}},"11":{"start":{"line":107,"column":0},"end":{"line":107,"column":null}},"12":{"start":{"line":115,"column":0},"end":{"line":115,"column":null}},"13":{"start":{"line":116,"column":0},"end":{"line":154,"column":null}},"14":{"start":{"line":124,"column":0},"end":{"line":124,"column":null}},"15":{"start":{"line":125,"column":0},"end":{"line":153,"column":null}},"16":{"start":{"line":128,"column":0},"end":{"line":134,"column":null}},"17":{"start":{"line":133,"column":0},"end":{"line":133,"column":null}},"18":{"start":{"line":137,"column":0},"end":{"line":149,"column":null}},"19":{"start":{"line":138,"column":0},"end":{"line":148,"column":null}},"20":{"start":{"line":139,"column":0},"end":{"line":139,"column":null}},"21":{"start":{"line":142,"column":0},"end":{"line":148,"column":null}},"22":{"start":{"line":143,"column":0},"end":{"line":143,"column":null}},"23":{"start":{"line":147,"column":0},"end":{"line":147,"column":null}},"24":{"start":{"line":152,"column":0},"end":{"line":152,"column":null}}},"fnMap":{"0":{"name":"data","decl":{"start":{"line":81,"column":0},"end":{"line":81,"column":null}},"loc":{"start":{"line":81,"column":0},"end":{"line":113,"column":null}}},"1":{"name":"(anonymous_2)","decl":{"start":{"line":92,"column":0},"end":{"line":92,"column":null}},"loc":{"start":{"line":92,"column":0},"end":{"line":93,"column":null}}},"2":{"name":"(anonymous_3)","decl":{"start":{"line":93,"column":0},"end":{"line":93,"column":null}},"loc":{"start":{"line":93,"column":0},"end":{"line":94,"column":null}}},"3":{"name":"(anonymous_4)","decl":{"start":{"line":96,"column":0},"end":{"line":96,"column":null}},"loc":{"start":{"line":96,"column":0},"end":{"line":96,"column":null}}},"4":{"name":"(anonymous_5)","decl":{"start":{"line":97,"column":0},"end":{"line":97,"column":null}},"loc":{"start":{"line":97,"column":0},"end":{"line":98,"column":null}}},"5":{"name":"(anonymous_6)","decl":{"start":{"line":98,"column":0},"end":{"line":98,"column":null}},"loc":{"start":{"line":98,"column":0},"end":{"line":99,"column":null}}},"6":{"name":"(anonymous_7)","decl":{"start":{"line":105,"column":0},"end":{"line":105,"column":null}},"loc":{"start":{"line":105,"column":0},"end":{"line":106,"column":null}}},"7":{"name":"(anonymous_8)","decl":{"start":{"line":106,"column":0},"end":{"line":106,"column":null}},"loc":{"start":{"line":106,"column":0},"end":{"line":107,"column":null}}},"8":{"name":"onSubmit","decl":{"start":{"line":115,"column":0},"end":{"line":115,"column":null}},"loc":{"start":{"line":115,"column":0},"end":{"line":155,"column":null}}},"9":{"name":"(anonymous_10)","decl":{"start":{"line":117,"column":0},"end":{"line":117,"column":null}},"loc":{"start":{"line":117,"column":0},"end":{"line":154,"column":null}}},"10":{"name":"(anonymous_11)","decl":{"start":{"line":125,"column":0},"end":{"line":125,"column":null}},"loc":{"start":{"line":125,"column":0},"end":{"line":135,"column":null}}},"11":{"name":"(anonymous_12)","decl":{"start":{"line":129,"column":0},"end":{"line":129,"column":null}},"loc":{"start":{"line":129,"column":0},"end":{"line":134,"column":null}}},"12":{"name":"(anonymous_13)","decl":{"start":{"line":135,"column":0},"end":{"line":135,"column":null}},"loc":{"start":{"line":135,"column":0},"end":{"line":150,"column":null}}},"13":{"name":"(anonymous_14)","decl":{"start":{"line":150,"column":0},"end":{"line":150,"column":null}},"loc":{"start":{"line":150,"column":0},"end":{"line":153,"column":null}}}},"branchMap":{"0":{"loc":{"start":{"line":93,"column":0},"end":{"line":93,"column":null}},"type":"binary-expr","locations":[{"start":{"line":93,"column":0},"end":{"line":93,"column":null}},{"start":{"line":93,"column":0},"end":{"line":93,"column":null}}]},"1":{"loc":{"start":{"line":94,"column":0},"end":{"line":94,"column":null}},"type":"binary-expr","locations":[{"start":{"line":94,"column":0},"end":{"line":94,"column":null}},{"start":{"line":94,"column":0},"end":{"line":94,"column":null}}]},"2":{"loc":{"start":{"line":96,"column":0},"end":{"line":96,"column":null}},"type":"binary-expr","locations":[{"start":{"line":96,"column":0},"end":{"line":96,"column":null}},{"start":{"line":96,"column":0},"end":{"line":96,"column":null}}]},"3":{"loc":{"start":{"line":98,"column":0},"end":{"line":98,"column":null}},"type":"binary-expr","locations":[{"start":{"line":98,"column":0},"end":{"line":98,"column":null}},{"start":{"line":98,"column":0},"end":{"line":98,"column":null}}]},"4":{"loc":{"start":{"line":99,"column":0},"end":{"line":99,"column":null}},"type":"binary-expr","locations":[{"start":{"line":99,"column":0},"end":{"line":99,"column":null}},{"start":{"line":99,"column":0},"end":{"line":101,"column":null}}]},"5":{"loc":{"start":{"line":106,"column":0},"end":{"line":106,"column":null}},"type":"binary-expr","locations":[{"start":{"line":106,"column":0},"end":{"line":106,"column":null}},{"start":{"line":106,"column":0},"end":{"line":106,"column":null}}]},"6":{"loc":{"start":{"line":107,"column":0},"end":{"line":107,"column":null}},"type":"binary-expr","locations":[{"start":{"line":107,"column":0},"end":{"line":107,"column":null}},{"start":{"line":107,"column":0},"end":{"line":107,"column":null}}]},"7":{"loc":{"start":{"line":137,"column":0},"end":{"line":149,"column":null}},"type":"if","locations":[{"start":{"line":137,"column":0},"end":{"line":149,"column":null}},{"start":{"line":137,"column":0},"end":{"line":149,"column":null}}]},"8":{"loc":{"start":{"line":138,"column":0},"end":{"line":148,"column":null}},"type":"if","locations":[{"start":{"line":138,"column":0},"end":{"line":148,"column":null}},{"start":{"line":138,"column":0},"end":{"line":148,"column":null}}]},"9":{"loc":{"start":{"line":142,"column":0},"end":{"line":148,"column":null}},"type":"if","locations":[{"start":{"line":142,"column":0},"end":{"line":148,"column":null}},{"start":{"line":142,"column":0},"end":{"line":148,"column":null}}]}},"s":{"0":0,"1":0,"2":0,"3":0,"4":0,"5":0,"6":0,"7":0,"8":0,"9":0,"10":0,"11":0,"12":0,"13":0,"14":0,"15":0,"16":0,"17":0,"18":0,"19":0,"20":0,"21":0,"22":0,"23":0,"24":0},"f":{"0":0,"1":0,"2":0,"3":0,"4":0,"5":0,"6":0,"7":0,"8":0,"9":0,"10":0,"11":0,"12":0,"13":0},"b":{"0":[0,0],"1":[0,0],"2":[0,0],"3":[0,0],"4":[0,0],"5":[0,0],"6":[0,0],"7":[0,0],"8":[0,0],"9":[0,0]}}
,"/code/src/pages/auth/Verification.vue": {"path":"/code/src/pages/auth/Verification.vue","statementMap":{"0":{"start":{"line":16,"column":0},"end":{"line":16,"column":null}},"1":{"start":{"line":22,"column":0},"end":{"line":22,"column":null}},"2":{"start":{"line":25,"column":0},"end":{"line":25,"column":null}},"3":{"start":{"line":26,"column":0},"end":{"line":26,"column":null}},"4":{"start":{"line":28,"column":0},"end":{"line":38,"column":null}},"5":{"start":{"line":29,"column":0},"end":{"line":29,"column":null}},"6":{"start":{"line":32,"column":0},"end":{"line":36,"column":null}},"7":{"start":{"line":33,"column":0},"end":{"line":35,"column":null}},"8":{"start":{"line":34,"column":0},"end":{"line":34,"column":null}},"9":{"start":{"line":37,"column":0},"end":{"line":37,"column":null}}},"fnMap":{"0":{"name":"data","decl":{"start":{"line":15,"column":0},"end":{"line":15,"column":null}},"loc":{"start":{"line":15,"column":0},"end":{"line":20,"column":null}}},"1":{"name":"mounted","decl":{"start":{"line":21,"column":0},"end":{"line":21,"column":null}},"loc":{"start":{"line":21,"column":0},"end":{"line":23,"column":null}}},"2":{"name":"verifyUser","decl":{"start":{"line":25,"column":0},"end":{"line":25,"column":null}},"loc":{"start":{"line":25,"column":0},"end":{"line":39,"column":null}}},"3":{"name":"(anonymous_4)","decl":{"start":{"line":28,"column":0},"end":{"line":28,"column":null}},"loc":{"start":{"line":28,"column":0},"end":{"line":30,"column":null}}},"4":{"name":"(anonymous_5)","decl":{"start":{"line":30,"column":0},"end":{"line":30,"column":null}},"loc":{"start":{"line":30,"column":0},"end":{"line":38,"column":null}}}},"branchMap":{"0":{"loc":{"start":{"line":32,"column":0},"end":{"line":36,"column":null}},"type":"if","locations":[{"start":{"line":32,"column":0},"end":{"line":36,"column":null}},{"start":{"line":32,"column":0},"end":{"line":36,"column":null}}]},"1":{"loc":{"start":{"line":33,"column":0},"end":{"line":35,"column":null}},"type":"if","locations":[{"start":{"line":33,"column":0},"end":{"line":35,"column":null}},{"start":{"line":33,"column":0},"end":{"line":35,"column":null}}]}},"s":{"0":0,"1":0,"2":0,"3":0,"4":0,"5":0,"6":0,"7":0,"8":0,"9":0},"f":{"0":0,"1":0,"2":0,"3":0,"4":0},"b":{"0":[0,0],"1":[0,0]}}
,"/code/src/pages/auth/password/Forgot.vue": {"path":"/code/src/pages/auth/password/Forgot.vue","statementMap":{"0":{"start":{"line":42,"column":0},"end":{"line":42,"column":null}},"1":{"start":{"line":46,"column":0},"end":{"line":46,"column":null}},"2":{"start":{"line":47,"column":0},"end":{"line":47,"column":null}},"3":{"start":{"line":54,"column":0},"end":{"line":54,"column":null}},"4":{"start":{"line":55,"column":0},"end":{"line":55,"column":null}},"5":{"start":{"line":61,"column":0},"end":{"line":63,"column":null}},"6":{"start":{"line":62,"column":0},"end":{"line":62,"column":null}},"7":{"start":{"line":66,"column":0},"end":{"line":66,"column":null}},"8":{"start":{"line":67,"column":0},"end":{"line":67,"column":null}},"9":{"start":{"line":68,"column":0},"end":{"line":84,"column":null}},"10":{"start":{"line":71,"column":0},"end":{"line":77,"column":null}},"11":{"start":{"line":76,"column":0},"end":{"line":76,"column":null}},"12":{"start":{"line":80,"column":0},"end":{"line":80,"column":null}},"13":{"start":{"line":83,"column":0},"end":{"line":83,"column":null}}},"fnMap":{"0":{"name":"data","decl":{"start":{"line":46,"column":0},"end":{"line":46,"column":null}},"loc":{"start":{"line":46,"column":0},"end":{"line":59,"column":null}}},"1":{"name":"(anonymous_2)","decl":{"start":{"line":53,"column":0},"end":{"line":53,"column":null}},"loc":{"start":{"line":53,"column":0},"end":{"line":54,"column":null}}},"2":{"name":"(anonymous_3)","decl":{"start":{"line":54,"column":0},"end":{"line":54,"column":null}},"loc":{"start":{"line":54,"column":0},"end":{"line":55,"column":null}}},"3":{"name":"mounted","decl":{"start":{"line":60,"column":0},"end":{"line":60,"column":null}},"loc":{"start":{"line":60,"column":0},"end":{"line":64,"column":null}}},"4":{"name":"onSubmit","decl":{"start":{"line":66,"column":0},"end":{"line":66,"column":null}},"loc":{"start":{"line":66,"column":0},"end":{"line":85,"column":null}}},"5":{"name":"(anonymous_6)","decl":{"start":{"line":68,"column":0},"end":{"line":68,"column":null}},"loc":{"start":{"line":68,"column":0},"end":{"line":78,"column":null}}},"6":{"name":"(anonymous_7)","decl":{"start":{"line":72,"column":0},"end":{"line":72,"column":null}},"loc":{"start":{"line":72,"column":0},"end":{"line":77,"column":null}}},"7":{"name":"(anonymous_8)","decl":{"start":{"line":78,"column":0},"end":{"line":78,"column":null}},"loc":{"start":{"line":78,"column":0},"end":{"line":81,"column":null}}},"8":{"name":"(anonymous_9)","decl":{"start":{"line":81,"column":0},"end":{"line":81,"column":null}},"loc":{"start":{"line":81,"column":0},"end":{"line":84,"column":null}}}},"branchMap":{"0":{"loc":{"start":{"line":54,"column":0},"end":{"line":54,"column":null}},"type":"binary-expr","locations":[{"start":{"line":54,"column":0},"end":{"line":54,"column":null}},{"start":{"line":54,"column":0},"end":{"line":54,"column":null}}]},"1":{"loc":{"start":{"line":55,"column":0},"end":{"line":55,"column":null}},"type":"binary-expr","locations":[{"start":{"line":55,"column":0},"end":{"line":55,"column":null}},{"start":{"line":55,"column":0},"end":{"line":55,"column":null}}]},"2":{"loc":{"start":{"line":61,"column":0},"end":{"line":63,"column":null}},"type":"if","locations":[{"start":{"line":61,"column":0},"end":{"line":63,"column":null}},{"start":{"line":61,"column":0},"end":{"line":63,"column":null}}]}},"s":{"0":0,"1":0,"2":0,"3":0,"4":0,"5":0,"6":0,"7":0,"8":0,"9":0,"10":0,"11":0,"12":0,"13":0},"f":{"0":0,"1":0,"2":0,"3":0,"4":0,"5":0,"6":0,"7":0,"8":0},"b":{"0":[0,0],"1":[0,0],"2":[0,0]}}
,"/code/src/pages/auth/password/Reset.vue": {"path":"/code/src/pages/auth/password/Reset.vue","statementMap":{"0":{"start":{"line":51,"column":0},"end":{"line":51,"column":null}},"1":{"start":{"line":53,"column":0},"end":{"line":53,"column":null}},"2":{"start":{"line":57,"column":0},"end":{"line":57,"column":null}},"3":{"start":{"line":58,"column":0},"end":{"line":58,"column":null}},"4":{"start":{"line":66,"column":0},"end":{"line":66,"column":null}},"5":{"start":{"line":67,"column":0},"end":{"line":69,"column":null}},"6":{"start":{"line":74,"column":0},"end":{"line":74,"column":null}},"7":{"start":{"line":75,"column":0},"end":{"line":75,"column":null}},"8":{"start":{"line":83,"column":0},"end":{"line":83,"column":null}},"9":{"start":{"line":84,"column":0},"end":{"line":84,"column":null}},"10":{"start":{"line":85,"column":0},"end":{"line":85,"column":null}},"11":{"start":{"line":86,"column":0},"end":{"line":105,"column":null}},"12":{"start":{"line":92,"column":0},"end":{"line":98,"column":null}},"13":{"start":{"line":97,"column":0},"end":{"line":97,"column":null}},"14":{"start":{"line":101,"column":0},"end":{"line":101,"column":null}},"15":{"start":{"line":104,"column":0},"end":{"line":104,"column":null}}},"fnMap":{"0":{"name":"data","decl":{"start":{"line":57,"column":0},"end":{"line":57,"column":null}},"loc":{"start":{"line":57,"column":0},"end":{"line":81,"column":null}}},"1":{"name":"(anonymous_2)","decl":{"start":{"line":65,"column":0},"end":{"line":65,"column":null}},"loc":{"start":{"line":65,"column":0},"end":{"line":66,"column":null}}},"2":{"name":"(anonymous_3)","decl":{"start":{"line":66,"column":0},"end":{"line":66,"column":null}},"loc":{"start":{"line":66,"column":0},"end":{"line":67,"column":null}}},"3":{"name":"(anonymous_4)","decl":{"start":{"line":73,"column":0},"end":{"line":73,"column":null}},"loc":{"start":{"line":73,"column":0},"end":{"line":74,"column":null}}},"4":{"name":"(anonymous_5)","decl":{"start":{"line":74,"column":0},"end":{"line":74,"column":null}},"loc":{"start":{"line":74,"column":0},"end":{"line":75,"column":null}}},"5":{"name":"onSubmit","decl":{"start":{"line":83,"column":0},"end":{"line":83,"column":null}},"loc":{"start":{"line":83,"column":0},"end":{"line":106,"column":null}}},"6":{"name":"(anonymous_7)","decl":{"start":{"line":87,"column":0},"end":{"line":87,"column":null}},"loc":{"start":{"line":87,"column":0},"end":{"line":99,"column":null}}},"7":{"name":"(anonymous_8)","decl":{"start":{"line":93,"column":0},"end":{"line":93,"column":null}},"loc":{"start":{"line":93,"column":0},"end":{"line":98,"column":null}}},"8":{"name":"(anonymous_9)","decl":{"start":{"line":99,"column":0},"end":{"line":99,"column":null}},"loc":{"start":{"line":99,"column":0},"end":{"line":102,"column":null}}},"9":{"name":"(anonymous_10)","decl":{"start":{"line":102,"column":0},"end":{"line":102,"column":null}},"loc":{"start":{"line":102,"column":0},"end":{"line":105,"column":null}}}},"branchMap":{"0":{"loc":{"start":{"line":66,"column":0},"end":{"line":66,"column":null}},"type":"binary-expr","locations":[{"start":{"line":66,"column":0},"end":{"line":66,"column":null}},{"start":{"line":66,"column":0},"end":{"line":66,"column":null}}]},"1":{"loc":{"start":{"line":67,"column":0},"end":{"line":67,"column":null}},"type":"binary-expr","locations":[{"start":{"line":67,"column":0},"end":{"line":67,"column":null}},{"start":{"line":67,"column":0},"end":{"line":69,"column":null}}]},"2":{"loc":{"start":{"line":74,"column":0},"end":{"line":74,"column":null}},"type":"binary-expr","locations":[{"start":{"line":74,"column":0},"end":{"line":74,"column":null}},{"start":{"line":74,"column":0},"end":{"line":74,"column":null}}]},"3":{"loc":{"start":{"line":75,"column":0},"end":{"line":75,"column":null}},"type":"binary-expr","locations":[{"start":{"line":75,"column":0},"end":{"line":75,"column":null}},{"start":{"line":75,"column":0},"end":{"line":75,"column":null}}]}},"s":{"0":0,"1":0,"2":0,"3":0,"4":0,"5":0,"6":0,"7":0,"8":0,"9":0,"10":0,"11":0,"12":0,"13":0,"14":0,"15":0},"f":{"0":0,"1":0,"2":0,"3":0,"4":0,"5":0,"6":0,"7":0,"8":0,"9":0},"b":{"0":[0,0],"1":[0,0],"2":[0,0],"3":[0,0]}}
,"/code/src/router/index.js": {"path":"/code/src/router/index.js","statementMap":{"0":{"start":{"line":6,"column":0},"end":{"line":6,"column":18}},"1":{"start":{"line":14,"column":17},"end":{"line":23,"column":4}},"2":{"start":{"line":15,"column":27},"end":{"line":15,"column":41}},"3":{"start":{"line":25,"column":2},"end":{"line":25,"column":15}}},"fnMap":{"0":{"name":"(anonymous_0)","decl":{"start":{"line":13,"column":15},"end":{"line":13,"column":16}},"loc":{"start":{"line":13,"column":54},"end":{"line":26,"column":1}},"line":13},"1":{"name":"(anonymous_1)","decl":{"start":{"line":15,"column":20},"end":{"line":15,"column":21}},"loc":{"start":{"line":15,"column":27},"end":{"line":15,"column":41}},"line":15}},"branchMap":{},"s":{"0":0,"1":0,"2":0,"3":0},"f":{"0":0,"1":0},"b":{},"hash":"8f85532011b44cf52df6b657b66609172b357458"}
,"/code/src/router/routes.js": {"path":"/code/src/router/routes.js","statementMap":{"0":{"start":{"line":2,"column":15},"end":{"line":58,"column":1}},"1":{"start":{"line":5,"column":21},"end":{"line":5,"column":51}},"2":{"start":{"line":7,"column":35},"end":{"line":7,"column":60}},"3":{"start":{"line":13,"column":21},"end":{"line":13,"column":51}},"4":{"start":{"line":15,"column":35},"end":{"line":15,"column":69}},"5":{"start":{"line":21,"column":21},"end":{"line":21,"column":51}},"6":{"start":{"line":23,"column":35},"end":{"line":23,"column":68}},"7":{"start":{"line":29,"column":21},"end":{"line":29,"column":51}},"8":{"start":{"line":31,"column":35},"end":{"line":31,"column":65}},"9":{"start":{"line":37,"column":21},"end":{"line":37,"column":51}},"10":{"start":{"line":39,"column":35},"end":{"line":39,"column":73}},"11":{"start":{"line":45,"column":21},"end":{"line":45,"column":51}},"12":{"start":{"line":47,"column":35},"end":{"line":47,"column":63}},"13":{"start":{"line":53,"column":21},"end":{"line":53,"column":51}},"14":{"start":{"line":55,"column":35},"end":{"line":55,"column":67}},"15":{"start":{"line":61,"column":0},"end":{"line":66,"column":1}},"16":{"start":{"line":62,"column":2},"end":{"line":65,"column":4}},"17":{"start":{"line":64,"column":21},"end":{"line":64,"column":49}}},"fnMap":{"0":{"name":"(anonymous_0)","decl":{"start":{"line":5,"column":15},"end":{"line":5,"column":16}},"loc":{"start":{"line":5,"column":21},"end":{"line":5,"column":51}},"line":5},"1":{"name":"(anonymous_1)","decl":{"start":{"line":7,"column":29},"end":{"line":7,"column":30}},"loc":{"start":{"line":7,"column":35},"end":{"line":7,"column":60}},"line":7},"2":{"name":"(anonymous_2)","decl":{"start":{"line":13,"column":15},"end":{"line":13,"column":16}},"loc":{"start":{"line":13,"column":21},"end":{"line":13,"column":51}},"line":13},"3":{"name":"(anonymous_3)","decl":{"start":{"line":15,"column":29},"end":{"line":15,"column":30}},"loc":{"start":{"line":15,"column":35},"end":{"line":15,"column":69}},"line":15},"4":{"name":"(anonymous_4)","decl":{"start":{"line":21,"column":15},"end":{"line":21,"column":16}},"loc":{"start":{"line":21,"column":21},"end":{"line":21,"column":51}},"line":21},"5":{"name":"(anonymous_5)","decl":{"start":{"line":23,"column":29},"end":{"line":23,"column":30}},"loc":{"start":{"line":23,"column":35},"end":{"line":23,"column":68}},"line":23},"6":{"name":"(anonymous_6)","decl":{"start":{"line":29,"column":15},"end":{"line":29,"column":16}},"loc":{"start":{"line":29,"column":21},"end":{"line":29,"column":51}},"line":29},"7":{"name":"(anonymous_7)","decl":{"start":{"line":31,"column":29},"end":{"line":31,"column":30}},"loc":{"start":{"line":31,"column":35},"end":{"line":31,"column":65}},"line":31},"8":{"name":"(anonymous_8)","decl":{"start":{"line":37,"column":15},"end":{"line":37,"column":16}},"loc":{"start":{"line":37,"column":21},"end":{"line":37,"column":51}},"line":37},"9":{"name":"(anonymous_9)","decl":{"start":{"line":39,"column":29},"end":{"line":39,"column":30}},"loc":{"start":{"line":39,"column":35},"end":{"line":39,"column":73}},"line":39},"10":{"name":"(anonymous_10)","decl":{"start":{"line":45,"column":15},"end":{"line":45,"column":16}},"loc":{"start":{"line":45,"column":21},"end":{"line":45,"column":51}},"line":45},"11":{"name":"(anonymous_11)","decl":{"start":{"line":47,"column":29},"end":{"line":47,"column":30}},"loc":{"start":{"line":47,"column":35},"end":{"line":47,"column":63}},"line":47},"12":{"name":"(anonymous_12)","decl":{"start":{"line":53,"column":15},"end":{"line":53,"column":16}},"loc":{"start":{"line":53,"column":21},"end":{"line":53,"column":51}},"line":53},"13":{"name":"(anonymous_13)","decl":{"start":{"line":55,"column":29},"end":{"line":55,"column":30}},"loc":{"start":{"line":55,"column":35},"end":{"line":55,"column":67}},"line":55},"14":{"name":"(anonymous_14)","decl":{"start":{"line":64,"column":15},"end":{"line":64,"column":16}},"loc":{"start":{"line":64,"column":21},"end":{"line":64,"column":49}},"line":64}},"branchMap":{"0":{"loc":{"start":{"line":61,"column":0},"end":{"line":66,"column":1}},"type":"if","locations":[{"start":{"line":61,"column":0},"end":{"line":66,"column":1}},{"start":{"line":61,"column":0},"end":{"line":66,"column":1}}],"line":61}},"s":{"0":0,"1":0,"2":0,"3":0,"4":0,"5":0,"6":0,"7":0,"8":0,"9":0,"10":0,"11":0,"12":0,"13":0,"14":0,"15":0,"16":0,"17":0},"f":{"0":0,"1":0,"2":0,"3":0,"4":0,"5":0,"6":0,"7":0,"8":0,"9":0,"10":0,"11":0,"12":0,"13":0,"14":0},"b":{"0":[0,0]},"hash":"56c96065f35feda1a4c7a97d39dfad2699b67cff"}
,"/code/src/services/ChatService.js": {"path":"/code/src/services/ChatService.js","statementMap":{"0":{"start":{"line":8,"column":6},"end":{"line":8,"column":99}}},"fnMap":{"0":{"name":"(anonymous_0)","decl":{"start":{"line":6,"column":4},"end":{"line":6,"column":5}},"loc":{"start":{"line":6,"column":21},"end":{"line":9,"column":5}},"line":6}},"branchMap":{},"s":{"0":0},"f":{"0":0},"b":{},"hash":"a27f9bbef8c5b7290e95755eb84cb4847f4975b1"}
,"/code/src/services/ChatbotRepository.js": {"path":"/code/src/services/ChatbotRepository.js","statementMap":{"0":{"start":{"line":4,"column":4},"end":{"line":19,"column":6}}},"fnMap":{"0":{"name":"(anonymous_0)","decl":{"start":{"line":3,"column":14},"end":{"line":3,"column":15}},"loc":{"start":{"line":3,"column":20},"end":{"line":20,"column":1}},"line":3}},"branchMap":{},"s":{"0":0},"f":{"0":0},"b":{},"hash":"15ebc85fe98b78f5a8403c6f916457b6941c5ae6"}
,"/code/src/store/index.js": {"path":"/code/src/store/index.js","statementMap":{"0":{"start":{"line":10,"column":0},"end":{"line":10,"column":13}},"1":{"start":{"line":18,"column":16},"end":{"line":30,"column":4}},"2":{"start":{"line":32,"column":2},"end":{"line":32,"column":14}}},"fnMap":{"0":{"name":"(anonymous_0)","decl":{"start":{"line":17,"column":15},"end":{"line":17,"column":16}},"loc":{"start":{"line":17,"column":47},"end":{"line":33,"column":1}},"line":17}},"branchMap":{},"s":{"0":0,"1":0,"2":0},"f":{"0":0},"b":{},"hash":"31b66678ee9cb944a9c1c0e0cf2063a3288954b9"}
,"/code/src/store/auth/actions.js": {"path":"/code/src/store/auth/actions.js","statementMap":{"0":{"start":{"line":4,"column":23},"end":{"line":4,"column":39}},"1":{"start":{"line":5,"column":27},"end":{"line":5,"column":41}},"2":{"start":{"line":6,"column":20},"end":{"line":6,"column":33}},"3":{"start":{"line":7,"column":25},"end":{"line":7,"column":37}},"4":{"start":{"line":8,"column":30},"end":{"line":8,"column":53}},"5":{"start":{"line":9,"column":29},"end":{"line":9,"column":51}},"6":{"start":{"line":12,"column":2},"end":{"line":12,"column":49}},"7":{"start":{"line":16,"column":2},"end":{"line":16,"column":29}},"8":{"start":{"line":17,"column":2},"end":{"line":17,"column":19}},"9":{"start":{"line":18,"column":12},"end":{"line":41,"column":4}},"10":{"start":{"line":19,"column":4},"end":{"line":40,"column":8}},"11":{"start":{"line":26,"column":8},"end":{"line":26,"column":48}},"12":{"start":{"line":27,"column":8},"end":{"line":27,"column":29}},"13":{"start":{"line":28,"column":8},"end":{"line":28,"column":56}},"14":{"start":{"line":29,"column":22},"end":{"line":29,"column":41}},"15":{"start":{"line":30,"column":8},"end":{"line":31,"column":27}},"16":{"start":{"line":32,"column":8},"end":{"line":35,"column":10}},"17":{"start":{"line":36,"column":8},"end":{"line":36,"column":17}},"18":{"start":{"line":39,"column":8},"end":{"line":39,"column":21}},"19":{"start":{"line":42,"column":2},"end":{"line":42,"column":10}},"20":{"start":{"line":46,"column":2},"end":{"line":47,"column":26}},"21":{"start":{"line":48,"column":2},"end":{"line":54,"column":3}},"22":{"start":{"line":49,"column":4},"end":{"line":51,"column":6}},"23":{"start":{"line":53,"column":4},"end":{"line":53,"column":50}},"24":{"start":{"line":58,"column":2},"end":{"line":58,"column":25}},"25":{"start":{"line":59,"column":2},"end":{"line":63,"column":3}},"26":{"start":{"line":60,"column":4},"end":{"line":60,"column":29}},"27":{"start":{"line":61,"column":4},"end":{"line":61,"column":27}},"28":{"start":{"line":62,"column":4},"end":{"line":62,"column":15}},"29":{"start":{"line":64,"column":14},"end":{"line":64,"column":48}},"30":{"start":{"line":65,"column":2},"end":{"line":65,"column":20}},"31":{"start":{"line":66,"column":2},"end":{"line":72,"column":3}},"32":{"start":{"line":67,"column":4},"end":{"line":67,"column":59}},"33":{"start":{"line":68,"column":4},"end":{"line":68,"column":78}},"34":{"start":{"line":69,"column":4},"end":{"line":71,"column":6}},"35":{"start":{"line":70,"column":6},"end":{"line":70,"column":49}},"36":{"start":{"line":76,"column":2},"end":{"line":76,"column":39}},"37":{"start":{"line":77,"column":2},"end":{"line":77,"column":31}},"38":{"start":{"line":81,"column":2},"end":{"line":81,"column":66}},"39":{"start":{"line":84,"column":2},"end":{"line":84,"column":56}},"40":{"start":{"line":88,"column":2},"end":{"line":88,"column":75}}},"fnMap":{"0":{"name":"register","decl":{"start":{"line":11,"column":16},"end":{"line":11,"column":24}},"loc":{"start":{"line":11,"column":39},"end":{"line":13,"column":1}},"line":11},"1":{"name":"login","decl":{"start":{"line":15,"column":16},"end":{"line":15,"column":21}},"loc":{"start":{"line":15,"column":36},"end":{"line":43,"column":1}},"line":15},"2":{"name":"(anonymous_2)","decl":{"start":{"line":18,"column":24},"end":{"line":18,"column":25}},"loc":{"start":{"line":18,"column":51},"end":{"line":41,"column":3}},"line":18},"3":{"name":"(anonymous_3)","decl":{"start":{"line":25,"column":12},"end":{"line":25,"column":13}},"loc":{"start":{"line":25,"column":24},"end":{"line":37,"column":7}},"line":25},"4":{"name":"(anonymous_4)","decl":{"start":{"line":38,"column":13},"end":{"line":38,"column":14}},"loc":{"start":{"line":38,"column":22},"end":{"line":40,"column":7}},"line":38},"5":{"name":"setToken","decl":{"start":{"line":45,"column":16},"end":{"line":45,"column":24}},"loc":{"start":{"line":45,"column":39},"end":{"line":55,"column":1}},"line":45},"6":{"name":"fetch","decl":{"start":{"line":57,"column":22},"end":{"line":57,"column":27}},"loc":{"start":{"line":57,"column":36},"end":{"line":73,"column":1}},"line":57},"7":{"name":"(anonymous_7)","decl":{"start":{"line":69,"column":52},"end":{"line":69,"column":53}},"loc":{"start":{"line":69,"column":64},"end":{"line":71,"column":5}},"line":69},"8":{"name":"logout","decl":{"start":{"line":75,"column":16},"end":{"line":75,"column":22}},"loc":{"start":{"line":75,"column":31},"end":{"line":78,"column":1}},"line":75},"9":{"name":"verify","decl":{"start":{"line":80,"column":16},"end":{"line":80,"column":22}},"loc":{"start":{"line":80,"column":38},"end":{"line":82,"column":1}},"line":80},"10":{"name":"passwordForgot","decl":{"start":{"line":83,"column":16},"end":{"line":83,"column":30}},"loc":{"start":{"line":83,"column":45},"end":{"line":85,"column":1}},"line":83},"11":{"name":"passwordReset","decl":{"start":{"line":87,"column":16},"end":{"line":87,"column":29}},"loc":{"start":{"line":87,"column":55},"end":{"line":89,"column":1}},"line":87}},"branchMap":{"0":{"loc":{"start":{"line":48,"column":2},"end":{"line":54,"column":3}},"type":"if","locations":[{"start":{"line":48,"column":2},"end":{"line":54,"column":3}},{"start":{"line":48,"column":2},"end":{"line":54,"column":3}}],"line":48},"1":{"loc":{"start":{"line":59,"column":2},"end":{"line":63,"column":3}},"type":"if","locations":[{"start":{"line":59,"column":2},"end":{"line":63,"column":3}},{"start":{"line":59,"column":2},"end":{"line":63,"column":3}}],"line":59},"2":{"loc":{"start":{"line":66,"column":2},"end":{"line":72,"column":3}},"type":"if","locations":[{"start":{"line":66,"column":2},"end":{"line":72,"column":3}},{"start":{"line":66,"column":2},"end":{"line":72,"column":3}}],"line":66}},"s":{"0":0,"1":0,"2":0,"3":0,"4":0,"5":0,"6":0,"7":0,"8":0,"9":0,"10":0,"11":0,"12":0,"13":0,"14":0,"15":0,"16":0,"17":0,"18":0,"19":0,"20":0,"21":0,"22":0,"23":0,"24":0,"25":0,"26":0,"27":0,"28":0,"29":0,"30":0,"31":0,"32":0,"33":0,"34":0,"35":0,"36":0,"37":0,"38":0,"39":0,"40":0},"f":{"0":0,"1":0,"2":0,"3":0,"4":0,"5":0,"6":0,"7":0,"8":0,"9":0,"10":0,"11":0},"b":{"0":[0,0],"1":[0,0],"2":[0,0]},"hash":"50cdfd5862a1f01f6ed789b9844d0bcae820fc77"}
,"/code/src/store/auth/getters.js": {"path":"/code/src/store/auth/getters.js","statementMap":{"0":{"start":{"line":2,"column":2},"end":{"line":2,"column":19}},"1":{"start":{"line":6,"column":2},"end":{"line":6,"column":28}},"2":{"start":{"line":9,"column":21},"end":{"line":26,"column":1}},"3":{"start":{"line":9,"column":30},"end":{"line":26,"column":1}},"4":{"start":{"line":10,"column":15},"end":{"line":10,"column":25}},"5":{"start":{"line":11,"column":2},"end":{"line":24,"column":3}},"6":{"start":{"line":12,"column":4},"end":{"line":22,"column":5}},"7":{"start":{"line":13,"column":6},"end":{"line":17,"column":7}},"8":{"start":{"line":14,"column":8},"end":{"line":16,"column":9}},"9":{"start":{"line":15,"column":10},"end":{"line":15,"column":22}},"10":{"start":{"line":18,"column":11},"end":{"line":22,"column":5}},"11":{"start":{"line":19,"column":6},"end":{"line":21,"column":7}},"12":{"start":{"line":20,"column":8},"end":{"line":20,"column":20}},"13":{"start":{"line":23,"column":4},"end":{"line":23,"column":15}},"14":{"start":{"line":25,"column":2},"end":{"line":25,"column":14}}},"fnMap":{"0":{"name":"user","decl":{"start":{"line":1,"column":16},"end":{"line":1,"column":20}},"loc":{"start":{"line":1,"column":29},"end":{"line":3,"column":1}},"line":1},"1":{"name":"loggedIn","decl":{"start":{"line":5,"column":16},"end":{"line":5,"column":24}},"loc":{"start":{"line":5,"column":33},"end":{"line":7,"column":1}},"line":5},"2":{"name":"(anonymous_2)","decl":{"start":{"line":9,"column":21},"end":{"line":9,"column":22}},"loc":{"start":{"line":9,"column":30},"end":{"line":26,"column":1}},"line":9},"3":{"name":"(anonymous_3)","decl":{"start":{"line":9,"column":30},"end":{"line":9,"column":31}},"loc":{"start":{"line":9,"column":39},"end":{"line":26,"column":1}},"line":9}},"branchMap":{"0":{"loc":{"start":{"line":11,"column":2},"end":{"line":24,"column":3}},"type":"if","locations":[{"start":{"line":11,"column":2},"end":{"line":24,"column":3}},{"start":{"line":11,"column":2},"end":{"line":24,"column":3}}],"line":11},"1":{"loc":{"start":{"line":12,"column":4},"end":{"line":22,"column":5}},"type":"if","locations":[{"start":{"line":12,"column":4},"end":{"line":22,"column":5}},{"start":{"line":12,"column":4},"end":{"line":22,"column":5}}],"line":12},"2":{"loc":{"start":{"line":12,"column":8},"end":{"line":12,"column":44}},"type":"binary-expr","locations":[{"start":{"line":12,"column":8},"end":{"line":12,"column":28}},{"start":{"line":12,"column":32},"end":{"line":12,"column":44}}],"line":12},"3":{"loc":{"start":{"line":14,"column":8},"end":{"line":16,"column":9}},"type":"if","locations":[{"start":{"line":14,"column":8},"end":{"line":16,"column":9}},{"start":{"line":14,"column":8},"end":{"line":16,"column":9}}],"line":14},"4":{"loc":{"start":{"line":18,"column":11},"end":{"line":22,"column":5}},"type":"if","locations":[{"start":{"line":18,"column":11},"end":{"line":22,"column":5}},{"start":{"line":18,"column":11},"end":{"line":22,"column":5}}],"line":18},"5":{"loc":{"start":{"line":19,"column":6},"end":{"line":21,"column":7}},"type":"if","locations":[{"start":{"line":19,"column":6},"end":{"line":21,"column":7}},{"start":{"line":19,"column":6},"end":{"line":21,"column":7}}],"line":19}},"s":{"0":0,"1":0,"2":0,"3":0,"4":0,"5":0,"6":0,"7":0,"8":0,"9":0,"10":0,"11":0,"12":0,"13":0,"14":0},"f":{"0":0,"1":0,"2":0,"3":0},"b":{"0":[0,0],"1":[0,0],"2":[0,0],"3":[0,0],"4":[0,0],"5":[0,0]},"hash":"b16097af358c9dd1fc2add351ef1301940df4d78"}
,"/code/src/store/auth/index.js": {"path":"/code/src/store/auth/index.js","statementMap":{},"fnMap":{},"branchMap":{},"s":{},"f":{},"b":{},"hash":"4de85703759fb6460c05086aa7aacc4bfca07afb"}
,"/code/src/store/auth/mutations.js": {"path":"/code/src/store/auth/mutations.js","statementMap":{"0":{"start":{"line":2,"column":2},"end":{"line":11,"column":3}},"1":{"start":{"line":3,"column":4},"end":{"line":8,"column":5}},"2":{"start":{"line":10,"column":4},"end":{"line":10,"column":21}}},"fnMap":{"0":{"name":"setUser","decl":{"start":{"line":1,"column":16},"end":{"line":1,"column":23}},"loc":{"start":{"line":1,"column":38},"end":{"line":12,"column":1}},"line":1}},"branchMap":{"0":{"loc":{"start":{"line":2,"column":2},"end":{"line":11,"column":3}},"type":"if","locations":[{"start":{"line":2,"column":2},"end":{"line":11,"column":3}},{"start":{"line":2,"column":2},"end":{"line":11,"column":3}}],"line":2}},"s":{"0":0,"1":0,"2":0},"f":{"0":0},"b":{"0":[0,0]},"hash":"33a082cee840b7b85007d217b13de92bcaa7487e"}
,"/code/src/store/auth/state.js": {"path":"/code/src/store/auth/state.js","statementMap":{},"fnMap":{},"branchMap":{},"s":{},"f":{},"b":{},"hash":"d775589fc0224acdb07b027a6154fc6e091121f2"}
,"/code/src/store/chatbot/actions.js": {"path":"/code/src/store/chatbot/actions.js","statementMap":{"0":{"start":{"line":5,"column":6},"end":{"line":7,"column":64}},"1":{"start":{"line":7,"column":26},"end":{"line":7,"column":63}}},"fnMap":{"0":{"name":"fetchMessages","decl":{"start":{"line":4,"column":16},"end":{"line":4,"column":29}},"loc":{"start":{"line":4,"column":44},"end":{"line":8,"column":1}},"line":4},"1":{"name":"(anonymous_1)","decl":{"start":{"line":7,"column":14},"end":{"line":7,"column":15}},"loc":{"start":{"line":7,"column":26},"end":{"line":7,"column":63}},"line":7}},"branchMap":{},"s":{"0":0,"1":0},"f":{"0":0,"1":0},"b":{},"hash":"6e99cdc163fc742481c1003a9c36f78705c3cb16"}
,"/code/src/store/chatbot/getters.js": {"path":"/code/src/store/chatbot/getters.js","statementMap":{},"fnMap":{},"branchMap":{},"s":{},"f":{},"b":{},"hash":"e0eec9b6bfc14f7518beef5c30a4e05fdbb3e34a"}
,"/code/src/store/chatbot/index.js": {"path":"/code/src/store/chatbot/index.js","statementMap":{},"fnMap":{},"branchMap":{},"s":{},"f":{},"b":{},"hash":"5abc47ef29c387ade5e37a53334c9d6d06b84a62"}
,"/code/src/store/chatbot/mutations.js": {"path":"/code/src/store/chatbot/mutations.js","statementMap":{"0":{"start":{"line":4,"column":8},"end":{"line":4,"column":33}},"1":{"start":{"line":8,"column":2},"end":{"line":8,"column":30}}},"fnMap":{"0":{"name":"setMessages","decl":{"start":{"line":3,"column":16},"end":{"line":3,"column":27}},"loc":{"start":{"line":3,"column":46},"end":{"line":5,"column":1}},"line":3},"1":{"name":"addMessage","decl":{"start":{"line":7,"column":16},"end":{"line":7,"column":26}},"loc":{"start":{"line":7,"column":44},"end":{"line":9,"column":1}},"line":7}},"branchMap":{},"s":{"0":0,"1":0},"f":{"0":0,"1":0},"b":{},"hash":"0e2755e923e5dd8a6108b7902775a394107c6b93"}
,"/code/src/store/chatbot/state.js": {"path":"/code/src/store/chatbot/state.js","statementMap":{},"fnMap":{},"branchMap":{},"s":{},"f":{},"b":{},"hash":"4918e70181a4708f3431609cef82d222ad371039"}
,"/code/src/store/documents/actions.js": {"path":"/code/src/store/documents/actions.js","statementMap":{"0":{"start":{"line":8,"column":6},"end":{"line":10,"column":59}},"1":{"start":{"line":10,"column":23},"end":{"line":10,"column":58}}},"fnMap":{"0":{"name":"fetchDocuments","decl":{"start":{"line":7,"column":16},"end":{"line":7,"column":30}},"loc":{"start":{"line":7,"column":45},"end":{"line":11,"column":5}},"line":7},"1":{"name":"(anonymous_1)","decl":{"start":{"line":10,"column":14},"end":{"line":10,"column":15}},"loc":{"start":{"line":10,"column":23},"end":{"line":10,"column":58}},"line":10}},"branchMap":{},"s":{"0":0,"1":0},"f":{"0":0,"1":0},"b":{},"hash":"f0d890003c488b771b87a5054da0cb8d23e7fa21"}
,"/code/src/store/documents/getters.js": {"path":"/code/src/store/documents/getters.js","statementMap":{},"fnMap":{},"branchMap":{},"s":{},"f":{},"b":{},"hash":"59abdc9bd2bfd5d2a7329e9666b443a26bfd51e6"}
,"/code/src/store/documents/index.js": {"path":"/code/src/store/documents/index.js","statementMap":{},"fnMap":{},"branchMap":{},"s":{},"f":{},"b":{},"hash":"07223a130137f98d95ddd614824e273266c1806c"}
,"/code/src/store/documents/mutations.js": {"path":"/code/src/store/documents/mutations.js","statementMap":{"0":{"start":{"line":7,"column":6},"end":{"line":7,"column":33}}},"fnMap":{"0":{"name":"setDocuments","decl":{"start":{"line":6,"column":16},"end":{"line":6,"column":28}},"loc":{"start":{"line":6,"column":48},"end":{"line":8,"column":5}},"line":6}},"branchMap":{},"s":{"0":0},"f":{"0":0},"b":{},"hash":"09d7782466a077e6e77fd45295547a90b7dc7a7e"}
,"/code/src/store/documents/state.js": {"path":"/code/src/store/documents/state.js","statementMap":{},"fnMap":{},"branchMap":{},"s":{},"f":{},"b":{},"hash":"7093c70276ed9c6c08d9aa98f56bf093300eb4f5"}
,"/code/src/store/flows/actions.js": {"path":"/code/src/store/flows/actions.js","statementMap":{"0":{"start":{"line":7,"column":2},"end":{"line":9,"column":51}},"1":{"start":{"line":9,"column":19},"end":{"line":9,"column":50}},"2":{"start":{"line":13,"column":2},"end":{"line":15,"column":55}},"3":{"start":{"line":15,"column":19},"end":{"line":15,"column":54}}},"fnMap":{"0":{"name":"fetchFlows","decl":{"start":{"line":6,"column":16},"end":{"line":6,"column":26}},"loc":{"start":{"line":6,"column":41},"end":{"line":10,"column":1}},"line":6},"1":{"name":"(anonymous_1)","decl":{"start":{"line":9,"column":10},"end":{"line":9,"column":11}},"loc":{"start":{"line":9,"column":19},"end":{"line":9,"column":50}},"line":9},"2":{"name":"fetchDocuments","decl":{"start":{"line":12,"column":16},"end":{"line":12,"column":30}},"loc":{"start":{"line":12,"column":45},"end":{"line":16,"column":1}},"line":12},"3":{"name":"(anonymous_3)","decl":{"start":{"line":15,"column":10},"end":{"line":15,"column":11}},"loc":{"start":{"line":15,"column":19},"end":{"line":15,"column":54}},"line":15}},"branchMap":{},"s":{"0":0,"1":0,"2":0,"3":0},"f":{"0":0,"1":0,"2":0,"3":0},"b":{},"hash":"4e6157d34a8ce3c9529bfdedfb41a0a8d744cddf"}
,"/code/src/store/flows/getters.js": {"path":"/code/src/store/flows/getters.js","statementMap":{},"fnMap":{},"branchMap":{},"s":{},"f":{},"b":{},"hash":"acb0678828c3bd2a71038dbe12c169be6b15e28a"}
,"/code/src/store/flows/index.js": {"path":"/code/src/store/flows/index.js","statementMap":{},"fnMap":{},"branchMap":{},"s":{},"f":{},"b":{},"hash":"949fdd856f4a4c5a13cda26c905cbf6f7d4a7ff6"}
,"/code/src/store/flows/mutations.js": {"path":"/code/src/store/flows/mutations.js","statementMap":{"0":{"start":{"line":6,"column":2},"end":{"line":6,"column":21}},"1":{"start":{"line":10,"column":2},"end":{"line":10,"column":34}},"2":{"start":{"line":14,"column":2},"end":{"line":14,"column":29}},"3":{"start":{"line":18,"column":2},"end":{"line":18,"column":29}},"4":{"start":{"line":22,"column":2},"end":{"line":22,"column":23}}},"fnMap":{"0":{"name":"setFlows","decl":{"start":{"line":5,"column":16},"end":{"line":5,"column":24}},"loc":{"start":{"line":5,"column":40},"end":{"line":7,"column":1}},"line":5},"1":{"name":"setNodePanelVisible","decl":{"start":{"line":9,"column":16},"end":{"line":9,"column":35}},"loc":{"start":{"line":9,"column":53},"end":{"line":11,"column":1}},"line":9},"2":{"name":"setLongitude","decl":{"start":{"line":13,"column":16},"end":{"line":13,"column":28}},"loc":{"start":{"line":13,"column":48},"end":{"line":15,"column":1}},"line":13},"3":{"name":"setDocuments","decl":{"start":{"line":17,"column":16},"end":{"line":17,"column":28}},"loc":{"start":{"line":17,"column":48},"end":{"line":19,"column":1}},"line":17},"4":{"name":"setFlowData","decl":{"start":{"line":21,"column":16},"end":{"line":21,"column":27}},"loc":{"start":{"line":21,"column":41},"end":{"line":23,"column":1}},"line":21}},"branchMap":{},"s":{"0":0,"1":0,"2":0,"3":0,"4":0},"f":{"0":0,"1":0,"2":0,"3":0,"4":0},"b":{},"hash":"8ddc8ba782a5dd6ccb5f51499eb3078a30f6677c"}
,"/code/src/store/flows/state.js": {"path":"/code/src/store/flows/state.js","statementMap":{},"fnMap":{},"branchMap":{},"s":{},"f":{},"b":{},"hash":"eabd54aef1add80458650e8f31db44ceab6b1d1c"}
,"/code/src/store/module-example/actions.js": {"path":"/code/src/store/module-example/actions.js","statementMap":{},"fnMap":{"0":{"name":"someAction","decl":{"start":{"line":1,"column":16},"end":{"line":1,"column":26}},"loc":{"start":{"line":1,"column":43},"end":{"line":2,"column":1}},"line":1}},"branchMap":{},"s":{},"f":{"0":0},"b":{},"hash":"89becf04c61d37c1a190d974a2ae397b33588a01"}
,"/code/src/store/module-example/getters.js": {"path":"/code/src/store/module-example/getters.js","statementMap":{},"fnMap":{"0":{"name":"someGetter","decl":{"start":{"line":1,"column":16},"end":{"line":1,"column":26}},"loc":{"start":{"line":1,"column":41},"end":{"line":2,"column":1}},"line":1}},"branchMap":{},"s":{},"f":{"0":0},"b":{},"hash":"6ad2f0e20fb7527c8cb63de76b22287e24fc0573"}
,"/code/src/store/module-example/index.js": {"path":"/code/src/store/module-example/index.js","statementMap":{},"fnMap":{},"branchMap":{},"s":{},"f":{},"b":{},"hash":"e743f051c882280fe76ad8f8615e1dad77fb9424"}
,"/code/src/store/module-example/mutations.js": {"path":"/code/src/store/module-example/mutations.js","statementMap":{},"fnMap":{"0":{"name":"someMutation","decl":{"start":{"line":1,"column":16},"end":{"line":1,"column":28}},"loc":{"start":{"line":1,"column":43},"end":{"line":2,"column":1}},"line":1}},"branchMap":{},"s":{},"f":{"0":0},"b":{},"hash":"d64c53a58be76e4154ae244d193d9139228e0874"}
,"/code/src/store/module-example/state.js": {"path":"/code/src/store/module-example/state.js","statementMap":{},"fnMap":{},"branchMap":{},"s":{},"f":{},"b":{},"hash":"ee2a4464ffdfb4409885fc5967efd3b3fd01aa29"}
,"/code/src/store/services/actions.js": {"path":"/code/src/store/services/actions.js","statementMap":{"0":{"start":{"line":7,"column":6},"end":{"line":9,"column":64}},"1":{"start":{"line":9,"column":26},"end":{"line":9,"column":63}}},"fnMap":{"0":{"name":"fetchServices","decl":{"start":{"line":6,"column":16},"end":{"line":6,"column":29}},"loc":{"start":{"line":6,"column":44},"end":{"line":10,"column":5}},"line":6},"1":{"name":"(anonymous_1)","decl":{"start":{"line":9,"column":14},"end":{"line":9,"column":15}},"loc":{"start":{"line":9,"column":26},"end":{"line":9,"column":63}},"line":9}},"branchMap":{},"s":{"0":0,"1":0},"f":{"0":0,"1":0},"b":{},"hash":"e0f09a16cb84295e2badeb7d06b5a31e62e86e7e"}
,"/code/src/store/services/getters.js": {"path":"/code/src/store/services/getters.js","statementMap":{},"fnMap":{},"branchMap":{},"s":{},"f":{},"b":{},"hash":"762dcd07954166c721017946a62cb9be1c8690f7"}
,"/code/src/store/services/index.js": {"path":"/code/src/store/services/index.js","statementMap":{},"fnMap":{},"branchMap":{},"s":{},"f":{},"b":{},"hash":"8ff914c6b5c20036a631b4817bb6ebceb35b578e"}
,"/code/src/store/services/mutations.js": {"path":"/code/src/store/services/mutations.js","statementMap":{"0":{"start":{"line":6,"column":6},"end":{"line":6,"column":31}}},"fnMap":{"0":{"name":"setServices","decl":{"start":{"line":5,"column":16},"end":{"line":5,"column":27}},"loc":{"start":{"line":5,"column":46},"end":{"line":7,"column":5}},"line":5}},"branchMap":{},"s":{"0":0},"f":{"0":0},"b":{},"hash":"885f6088aa9e629e91d5a2f920e802236757800b"}
,"/code/src/store/services/state.js": {"path":"/code/src/store/services/state.js","statementMap":{},"fnMap":{},"branchMap":{},"s":{},"f":{},"b":{},"hash":"9a22de7d9c39b988c7c188a7ad03d8b4e301fab7"}
}
