TN:
SF:/code/src/api/chatbot/mock/index.js
FN:3,(anonymous_0)
FN:4,(anonymous_1)
FN:5,(anonymous_2)
FN:12,(anonymous_3)
FNF:4
FNH:0
FNDA:0,(anonymous_0)
FNDA:0,(anonymous_1)
FNDA:0,(anonymous_2)
FNDA:0,(anonymous_3)
DA:3,0
DA:4,0
DA:5,0
DA:6,0
DA:13,0
LF:5
LH:0
BRDA:3,0,0,0
BRF:1
BRH:0
end_of_record
TN:
SF:/code/src/api/chatbot/server/index.js
FN:4,(anonymous_0)
FN:7,(anonymous_1)
FNF:2
FNH:0
FNDA:0,(anonymous_0)
FNDA:0,(anonymous_1)
DA:5,0
DA:7,0
LF:2
LH:0
BRF:0
BRH:0
end_of_record
TN:
SF:/code/src/api/documents/mock/index.js
FN:4,(anonymous_0)
FN:5,(anonymous_1)
FN:6,(anonymous_2)
FN:13,(anonymous_3)
FNF:4
FNH:0
FNDA:0,(anonymous_0)
FNDA:0,(anonymous_1)
FNDA:0,(anonymous_2)
FNDA:0,(anonymous_3)
DA:4,0
DA:5,0
DA:6,0
DA:7,0
DA:14,0
LF:5
LH:0
BRDA:4,0,0,0
BRF:1
BRH:0
end_of_record
TN:
SF:/code/src/api/documents/server/index.js
FN:4,(anonymous_0)
FN:7,(anonymous_1)
FNF:2
FNH:0
FNDA:0,(anonymous_0)
FNDA:0,(anonymous_1)
DA:5,0
DA:7,0
LF:2
LH:0
BRF:0
BRH:0
end_of_record
TN:
SF:/code/src/api/flows/mock/index.js
FN:4,(anonymous_0)
FN:5,(anonymous_1)
FN:6,(anonymous_2)
FN:13,(anonymous_3)
FN:16,(anonymous_4)
FNF:5
FNH:0
FNDA:0,(anonymous_0)
FNDA:0,(anonymous_1)
FNDA:0,(anonymous_2)
FNDA:0,(anonymous_3)
FNDA:0,(anonymous_4)
DA:4,0
DA:5,0
DA:6,0
DA:7,0
DA:14,0
DA:17,0
LF:6
LH:0
BRDA:4,0,0,0
BRF:1
BRH:0
end_of_record
TN:
SF:/code/src/api/flows/server/index.js
FN:4,(anonymous_0)
FN:7,(anonymous_1)
FNF:2
FNH:0
FNDA:0,(anonymous_0)
FNDA:0,(anonymous_1)
DA:5,0
DA:7,0
LF:2
LH:0
BRF:0
BRH:0
end_of_record
TN:
SF:/code/src/api/services/mock/index.js
FN:3,(anonymous_0)
FN:4,(anonymous_1)
FN:5,(anonymous_2)
FN:12,(anonymous_3)
FNF:4
FNH:0
FNDA:0,(anonymous_0)
FNDA:0,(anonymous_1)
FNDA:0,(anonymous_2)
FNDA:0,(anonymous_3)
DA:3,0
DA:4,0
DA:5,0
DA:6,0
DA:13,0
LF:5
LH:0
BRDA:3,0,0,0
BRF:1
BRH:0
end_of_record
TN:
SF:/code/src/api/services/server/index.js
FN:4,(anonymous_0)
FN:7,(anonymous_1)
FNF:2
FNH:0
FNDA:0,(anonymous_0)
FNDA:0,(anonymous_1)
DA:5,0
DA:7,0
LF:2
LH:0
BRF:0
BRH:0
end_of_record
TN:
SF:/code/src/boot/auth.js
FN:8,isArrayOrString
FN:15,(anonymous_1)
FN:16,(anonymous_2)
FN:18,(anonymous_3)
FN:41,(anonymous_4)
FN:42,(anonymous_5)
FN:44,(anonymous_6)
FN:54,(anonymous_7)
FN:58,(anonymous_8)
FN:70,(anonymous_9)
FN:75,(anonymous_10)
FN:80,(anonymous_11)
FN:85,(anonymous_12)
FN:90,(anonymous_13)
FN:95,(anonymous_14)
FN:100,(anonymous_15)
FN:105,(anonymous_16)
FN:113,(anonymous_17)
FN:118,(anonymous_18)
FN:126,(anonymous_19)
FN:131,(anonymous_20)
FN:139,(anonymous_21)
FN:144,(anonymous_22)
FN:145,(anonymous_23)
FN:146,(anonymous_24)
FN:147,(anonymous_25)
FN:148,(anonymous_26)
FN:149,(anonymous_27)
FN:150,(anonymous_28)
FN:151,(anonymous_29)
FN:152,(anonymous_30)
FN:153,(anonymous_31)
FN:154,(anonymous_32)
FNF:33
FNH:0
FNDA:0,isArrayOrString
FNDA:0,(anonymous_1)
FNDA:0,(anonymous_2)
FNDA:0,(anonymous_3)
FNDA:0,(anonymous_4)
FNDA:0,(anonymous_5)
FNDA:0,(anonymous_6)
FNDA:0,(anonymous_7)
FNDA:0,(anonymous_8)
FNDA:0,(anonymous_9)
FNDA:0,(anonymous_10)
FNDA:0,(anonymous_11)
FNDA:0,(anonymous_12)
FNDA:0,(anonymous_13)
FNDA:0,(anonymous_14)
FNDA:0,(anonymous_15)
FNDA:0,(anonymous_16)
FNDA:0,(anonymous_17)
FNDA:0,(anonymous_18)
FNDA:0,(anonymous_19)
FNDA:0,(anonymous_20)
FNDA:0,(anonymous_21)
FNDA:0,(anonymous_22)
FNDA:0,(anonymous_23)
FNDA:0,(anonymous_24)
FNDA:0,(anonymous_25)
FNDA:0,(anonymous_26)
FNDA:0,(anonymous_27)
FNDA:0,(anonymous_28)
FNDA:0,(anonymous_29)
FNDA:0,(anonymous_30)
FNDA:0,(anonymous_31)
FNDA:0,(anonymous_32)
DA:9,0
DA:10,0
DA:12,0
DA:16,0
DA:17,0
DA:19,0
DA:20,0
DA:25,0
DA:31,0
DA:36,0
DA:41,0
DA:42,0
DA:43,0
DA:44,0
DA:45,0
DA:46,0
DA:47,0
DA:48,0
DA:52,0
DA:55,0
DA:56,0
DA:57,0
DA:59,0
DA:62,0
DA:69,0
DA:70,0
DA:71,0
DA:75,0
DA:80,0
DA:85,0
DA:90,0
DA:95,0
DA:100,0
DA:105,0
DA:113,0
DA:118,0
DA:126,0
DA:131,0
DA:137,0
DA:139,0
DA:140,0
DA:143,0
DA:144,0
DA:145,0
DA:146,0
DA:147,0
DA:148,0
DA:149,0
DA:150,0
DA:151,0
DA:152,0
DA:153,0
DA:154,0
DA:155,0
LF:54
LH:0
BRDA:9,0,0,0
BRDA:9,0,1,0
BRDA:9,1,0,0
BRDA:9,1,1,0
BRDA:19,2,0,0
BRDA:19,2,1,0
BRDA:43,3,0,0
BRDA:43,3,1,0
BRDA:46,4,0,0
BRDA:46,4,1,0
BRDA:48,5,0,0
BRDA:48,5,1,0
BRDA:49,6,0,0
BRDA:49,6,1,0
BRF:14
BRH:0
end_of_record
TN:
SF:/code/src/boot/axios.js
FN:5,(anonymous_0)
FN:11,(anonymous_1)
FNF:2
FNH:0
FNDA:0,(anonymous_0)
FNDA:0,(anonymous_1)
DA:4,0
DA:6,0
DA:12,0
LF:3
LH:0
BRF:0
BRH:0
end_of_record
TN:
SF:/code/src/boot/i18n.js
FN:14,(anonymous_0)
FN:20,(anonymous_1)
FN:24,(anonymous_2)
FNF:3
FNH:0
FNDA:0,(anonymous_0)
FNDA:0,(anonymous_1)
FNDA:0,(anonymous_2)
DA:7,0
DA:8,0
DA:15,0
DA:20,0
DA:21,0
DA:22,0
DA:24,0
DA:25,0
LF:8
LH:0
BRF:0
BRH:0
end_of_record
TN:
SF:/code/src/boot/mermaid.js
FNF:0
FNH:0
DA:5,0
DA:12,0
DA:14,0
LF:3
LH:0
BRF:0
BRH:0
end_of_record
TN:
SF:/code/src/boot/vuelidate.js
FN:4,(anonymous_0)
FNF:1
FNH:0
FNDA:0,(anonymous_0)
LF:0
LH:0
BRF:0
BRH:0
end_of_record
TN:
SF:/code/src/components/Chatbot.vue
FN:31,data
FN:37,created
FN:40,(anonymous_3)
FN:46,messages
FN:51,getWord
FN:50,getWord$
FNF:6
FNH:0
FNDA:0,data
FNDA:0,created
FNDA:0,(anonymous_3)
FNDA:0,messages
FNDA:0,getWord
FNDA:0,getWord$
DA:24,0
DA:32,0
DA:37,0
DA:39,0
DA:40,0
DA:42,0
DA:47,0
DA:50,0
DA:52,0
DA:53,0
DA:54,0
DA:55,0
DA:56,0
DA:57,0
DA:58,0
LF:15
LH:0
BRDA:50,0,0,0
BRDA:50,0,1,0
BRDA:50,0,2,0
BRDA:50,0,3,0
BRF:4
BRH:0
end_of_record
TN:
SF:/code/src/components/DocumentItem.vue
FN:19,data
FNF:1
FNH:0
FNDA:0,data
DA:20,0
LF:1
LH:0
BRF:0
BRH:0
end_of_record
TN:
SF:/code/src/components/Documents.vue
FN:36,data
FN:46,uppyId
FN:49,documents
FN:53,created
FN:56,(anonymous_5)
FN:61,mounted
FN:75,onBeforeFileAdded
FN:78,onBeforeUpload
FNF:8
FNH:0
FNDA:0,data
FNDA:0,uppyId
FNDA:0,documents
FNDA:0,created
FNDA:0,(anonymous_5)
FNDA:0,mounted
FNDA:0,onBeforeFileAdded
FNDA:0,onBeforeUpload
DA:20,0
DA:21,0
DA:22,0
DA:23,0
DA:24,0
DA:37,0
DA:47,0
DA:50,0
DA:53,0
DA:54,0
DA:55,0
DA:56,0
DA:58,0
DA:61,0
DA:62,0
DA:76,0
DA:79,0
DA:80,0
DA:83,0
DA:84,0
DA:93,0
DA:106,0
DA:129,0
LF:23
LH:0
BRDA:83,0,0,0
BRDA:83,0,1,0
BRF:2
BRH:0
end_of_record
TN:
SF:/code/src/components/Flows.vue
FN:68,data
FN:118,flows
FN:121,flowData
FN:124,longitude
FN:127,nodePanelVisible
FN:130,documents
FN:135,showFlow
FN:138,(anonymous_8)
FN:151,editNodeMer
FN:153,(anonymous_10)
FN:158,addNode
FN:163,deleteNode
FN:175,updateNode
FN:178,preConfig
FN:186,afterCreated
FN:193,mounted
FN:194,(anonymous_17)
FN:230,created
FN:233,(anonymous_19)
FNF:19
FNH:0
FNDA:0,data
FNDA:0,flows
FNDA:0,flowData
FNDA:0,longitude
FNDA:0,nodePanelVisible
FNDA:0,documents
FNDA:0,showFlow
FNDA:0,(anonymous_8)
FNDA:0,editNodeMer
FNDA:0,(anonymous_10)
FNDA:0,addNode
FNDA:0,deleteNode
FNDA:0,updateNode
FNDA:0,preConfig
FNDA:0,afterCreated
FNDA:0,mounted
FNDA:0,(anonymous_17)
FNDA:0,created
FNDA:0,(anonymous_19)
DA:51,0
DA:54,0
DA:56,0
DA:59,0
DA:69,0
DA:119,0
DA:122,0
DA:125,0
DA:128,0
DA:131,0
DA:136,0
DA:137,0
DA:138,0
DA:139,0
DA:140,0
DA:141,0
DA:142,0
DA:143,0
DA:152,0
DA:153,0
DA:154,0
DA:155,0
DA:156,0
DA:159,0
DA:161,0
DA:164,0
DA:165,0
DA:166,0
DA:167,0
DA:168,0
DA:170,0
DA:176,0
DA:184,0
DA:188,0
DA:189,0
DA:193,0
DA:194,0
DA:195,0
DA:196,0
DA:197,0
DA:198,0
DA:200,0
DA:202,0
DA:203,0
DA:205,0
DA:210,0
DA:211,0
DA:212,0
DA:213,0
DA:215,0
DA:230,0
DA:231,0
DA:232,0
DA:233,0
DA:235,0
LF:55
LH:0
BRDA:165,0,0,0
BRDA:165,0,1,0
BRDA:195,1,0,0
BRDA:195,1,1,0
BRF:4
BRH:0
end_of_record
TN:
SF:/code/src/components/Map.vue
FN:20,rand
FN:33,data
FNF:2
FNH:0
FNDA:0,rand
FNDA:0,data
DA:14,0
DA:15,0
DA:17,0
DA:21,0
DA:22,0
DA:23,0
DA:34,0
DA:35,0
DA:36,0
DA:42,0
LF:10
LH:0
BRF:0
BRH:0
end_of_record
TN:
SF:/code/src/components/Services.vue
FN:56,data
FN:63,services
FN:68,created
FN:70,(anonymous_4)
FNF:4
FNH:0
FNDA:0,data
FNDA:0,services
FNDA:0,created
FNDA:0,(anonymous_4)
DA:57,0
DA:64,0
DA:68,0
DA:69,0
DA:70,0
DA:72,0
LF:6
LH:0
BRF:0
BRH:0
end_of_record
TN:
SF:/code/src/i18n/index.js
FNF:0
FNH:0
LF:0
LH:0
BRF:0
BRH:0
end_of_record
TN:
SF:/code/src/i18n/en-us/auth.js
FNF:0
FNH:0
LF:0
LH:0
BRF:0
BRH:0
end_of_record
TN:
SF:/code/src/i18n/en-us/index.js
FNF:0
FNH:0
LF:0
LH:0
BRF:0
BRH:0
end_of_record
TN:
SF:/code/src/layouts/MyLayout.vue
FN:104,data
FNF:1
FNH:0
FNDA:0,data
DA:95,0
DA:105,0
LF:2
LH:0
BRF:0
BRH:0
end_of_record
TN:
SF:/code/src/pages/auth/Login.vue
FN:61,data
FN:72,(anonymous_2)
FN:76,(anonymous_3)
FN:81,onSubmit
FN:83,(anonymous_5)
FN:87,(anonymous_6)
FN:102,(anonymous_7)
FNF:7
FNH:0
FNDA:0,data
FNDA:0,(anonymous_2)
FNDA:0,(anonymous_3)
FNDA:0,onSubmit
FNDA:0,(anonymous_5)
FNDA:0,(anonymous_6)
FNDA:0,(anonymous_7)
DA:57,0
DA:61,0
DA:62,0
DA:73,0
DA:76,0
DA:81,0
DA:82,0
DA:83,0
DA:86,0
DA:89,0
DA:90,0
DA:91,0
DA:94,0
DA:95,0
DA:99,0
DA:104,0
LF:16
LH:0
BRDA:73,0,0,0
BRDA:73,0,1,0
BRDA:76,1,0,0
BRDA:76,1,1,0
BRDA:89,2,0,0
BRDA:89,2,1,0
BRDA:90,3,0,0
BRDA:90,3,1,0
BRDA:94,4,0,0
BRDA:94,4,1,0
BRF:10
BRH:0
end_of_record
TN:
SF:/code/src/pages/auth/Logout.vue
FN:8,mounted
FN:9,(anonymous_2)
FN:15,(anonymous_3)
FN:18,(anonymous_4)
FNF:4
FNH:0
FNDA:0,mounted
FNDA:0,(anonymous_2)
FNDA:0,(anonymous_3)
FNDA:0,(anonymous_4)
DA:8,0
DA:9,0
DA:15,0
DA:16,0
DA:19,0
LF:5
LH:0
BRF:0
BRH:0
end_of_record
TN:
SF:/code/src/pages/auth/Register.vue
FN:81,data
FN:92,(anonymous_2)
FN:93,(anonymous_3)
FN:96,(anonymous_4)
FN:97,(anonymous_5)
FN:98,(anonymous_6)
FN:105,(anonymous_7)
FN:106,(anonymous_8)
FN:115,onSubmit
FN:117,(anonymous_10)
FN:125,(anonymous_11)
FN:129,(anonymous_12)
FN:135,(anonymous_13)
FN:150,(anonymous_14)
FNF:14
FNH:0
FNDA:0,data
FNDA:0,(anonymous_2)
FNDA:0,(anonymous_3)
FNDA:0,(anonymous_4)
FNDA:0,(anonymous_5)
FNDA:0,(anonymous_6)
FNDA:0,(anonymous_7)
FNDA:0,(anonymous_8)
FNDA:0,onSubmit
FNDA:0,(anonymous_10)
FNDA:0,(anonymous_11)
FNDA:0,(anonymous_12)
FNDA:0,(anonymous_13)
FNDA:0,(anonymous_14)
DA:74,0
DA:75,0
DA:77,0
DA:81,0
DA:82,0
DA:93,0
DA:94,0
DA:96,0
DA:98,0
DA:99,0
DA:106,0
DA:107,0
DA:115,0
DA:116,0
DA:124,0
DA:125,0
DA:128,0
DA:133,0
DA:137,0
DA:138,0
DA:139,0
DA:142,0
DA:143,0
DA:147,0
DA:152,0
LF:25
LH:0
BRDA:93,0,0,0
BRDA:93,0,1,0
BRDA:94,1,0,0
BRDA:94,1,1,0
BRDA:96,2,0,0
BRDA:96,2,1,0
BRDA:98,3,0,0
BRDA:98,3,1,0
BRDA:99,4,0,0
BRDA:99,4,1,0
BRDA:106,5,0,0
BRDA:106,5,1,0
BRDA:107,6,0,0
BRDA:107,6,1,0
BRDA:137,7,0,0
BRDA:137,7,1,0
BRDA:138,8,0,0
BRDA:138,8,1,0
BRDA:142,9,0,0
BRDA:142,9,1,0
BRF:20
BRH:0
end_of_record
TN:
SF:/code/src/pages/auth/Verification.vue
FN:15,data
FN:21,mounted
FN:25,verifyUser
FN:28,(anonymous_4)
FN:30,(anonymous_5)
FNF:5
FNH:0
FNDA:0,data
FNDA:0,mounted
FNDA:0,verifyUser
FNDA:0,(anonymous_4)
FNDA:0,(anonymous_5)
DA:16,0
DA:22,0
DA:25,0
DA:26,0
DA:28,0
DA:29,0
DA:32,0
DA:33,0
DA:34,0
DA:37,0
LF:10
LH:0
BRDA:32,0,0,0
BRDA:32,0,1,0
BRDA:33,1,0,0
BRDA:33,1,1,0
BRF:4
BRH:0
end_of_record
TN:
SF:/code/src/pages/auth/password/Forgot.vue
FN:46,data
FN:53,(anonymous_2)
FN:54,(anonymous_3)
FN:60,mounted
FN:66,onSubmit
FN:68,(anonymous_6)
FN:72,(anonymous_7)
FN:78,(anonymous_8)
FN:81,(anonymous_9)
FNF:9
FNH:0
FNDA:0,data
FNDA:0,(anonymous_2)
FNDA:0,(anonymous_3)
FNDA:0,mounted
FNDA:0,onSubmit
FNDA:0,(anonymous_6)
FNDA:0,(anonymous_7)
FNDA:0,(anonymous_8)
FNDA:0,(anonymous_9)
DA:42,0
DA:46,0
DA:47,0
DA:54,0
DA:55,0
DA:61,0
DA:62,0
DA:66,0
DA:67,0
DA:68,0
DA:71,0
DA:76,0
DA:80,0
DA:83,0
LF:14
LH:0
BRDA:54,0,0,0
BRDA:54,0,1,0
BRDA:55,1,0,0
BRDA:55,1,1,0
BRDA:61,2,0,0
BRDA:61,2,1,0
BRF:6
BRH:0
end_of_record
TN:
SF:/code/src/pages/auth/password/Reset.vue
FN:57,data
FN:65,(anonymous_2)
FN:66,(anonymous_3)
FN:73,(anonymous_4)
FN:74,(anonymous_5)
FN:83,onSubmit
FN:87,(anonymous_7)
FN:93,(anonymous_8)
FN:99,(anonymous_9)
FN:102,(anonymous_10)
FNF:10
FNH:0
FNDA:0,data
FNDA:0,(anonymous_2)
FNDA:0,(anonymous_3)
FNDA:0,(anonymous_4)
FNDA:0,(anonymous_5)
FNDA:0,onSubmit
FNDA:0,(anonymous_7)
FNDA:0,(anonymous_8)
FNDA:0,(anonymous_9)
FNDA:0,(anonymous_10)
DA:51,0
DA:53,0
DA:57,0
DA:58,0
DA:66,0
DA:67,0
DA:74,0
DA:75,0
DA:83,0
DA:84,0
DA:85,0
DA:86,0
DA:92,0
DA:97,0
DA:101,0
DA:104,0
LF:16
LH:0
BRDA:66,0,0,0
BRDA:66,0,1,0
BRDA:67,1,0,0
BRDA:67,1,1,0
BRDA:74,2,0,0
BRDA:74,2,1,0
BRDA:75,3,0,0
BRDA:75,3,1,0
BRF:8
BRH:0
end_of_record
TN:
SF:/code/src/router/index.js
FN:13,(anonymous_0)
FN:15,(anonymous_1)
FNF:2
FNH:0
FNDA:0,(anonymous_0)
FNDA:0,(anonymous_1)
DA:6,0
DA:14,0
DA:15,0
DA:25,0
LF:4
LH:0
BRF:0
BRH:0
end_of_record
TN:
SF:/code/src/router/routes.js
FN:5,(anonymous_0)
FN:7,(anonymous_1)
FN:13,(anonymous_2)
FN:15,(anonymous_3)
FN:21,(anonymous_4)
FN:23,(anonymous_5)
FN:29,(anonymous_6)
FN:31,(anonymous_7)
FN:37,(anonymous_8)
FN:39,(anonymous_9)
FN:45,(anonymous_10)
FN:47,(anonymous_11)
FN:53,(anonymous_12)
FN:55,(anonymous_13)
FN:64,(anonymous_14)
FNF:15
FNH:0
FNDA:0,(anonymous_0)
FNDA:0,(anonymous_1)
FNDA:0,(anonymous_2)
FNDA:0,(anonymous_3)
FNDA:0,(anonymous_4)
FNDA:0,(anonymous_5)
FNDA:0,(anonymous_6)
FNDA:0,(anonymous_7)
FNDA:0,(anonymous_8)
FNDA:0,(anonymous_9)
FNDA:0,(anonymous_10)
FNDA:0,(anonymous_11)
FNDA:0,(anonymous_12)
FNDA:0,(anonymous_13)
FNDA:0,(anonymous_14)
DA:2,0
DA:5,0
DA:7,0
DA:13,0
DA:15,0
DA:21,0
DA:23,0
DA:29,0
DA:31,0
DA:37,0
DA:39,0
DA:45,0
DA:47,0
DA:53,0
DA:55,0
DA:61,0
DA:62,0
DA:64,0
LF:18
LH:0
BRDA:61,0,0,0
BRDA:61,0,1,0
BRF:2
BRH:0
end_of_record
TN:
SF:/code/src/services/ChatService.js
FN:6,(anonymous_0)
FNF:1
FNH:0
FNDA:0,(anonymous_0)
DA:8,0
LF:1
LH:0
BRF:0
BRH:0
end_of_record
TN:
SF:/code/src/services/ChatbotRepository.js
FN:3,(anonymous_0)
FNF:1
FNH:0
FNDA:0,(anonymous_0)
DA:4,0
LF:1
LH:0
BRF:0
BRH:0
end_of_record
TN:
SF:/code/src/store/index.js
FN:17,(anonymous_0)
FNF:1
FNH:0
FNDA:0,(anonymous_0)
DA:10,0
DA:18,0
DA:32,0
LF:3
LH:0
BRF:0
BRH:0
end_of_record
TN:
SF:/code/src/store/auth/actions.js
FN:11,register
FN:15,login
FN:18,(anonymous_2)
FN:25,(anonymous_3)
FN:38,(anonymous_4)
FN:45,setToken
FN:57,fetch
FN:69,(anonymous_7)
FN:75,logout
FN:80,verify
FN:83,passwordForgot
FN:87,passwordReset
FNF:12
FNH:0
FNDA:0,register
FNDA:0,login
FNDA:0,(anonymous_2)
FNDA:0,(anonymous_3)
FNDA:0,(anonymous_4)
FNDA:0,setToken
FNDA:0,fetch
FNDA:0,(anonymous_7)
FNDA:0,logout
FNDA:0,verify
FNDA:0,passwordForgot
FNDA:0,passwordReset
DA:4,0
DA:5,0
DA:6,0
DA:7,0
DA:8,0
DA:9,0
DA:12,0
DA:16,0
DA:17,0
DA:18,0
DA:19,0
DA:26,0
DA:27,0
DA:28,0
DA:29,0
DA:30,0
DA:32,0
DA:36,0
DA:39,0
DA:42,0
DA:46,0
DA:48,0
DA:49,0
DA:53,0
DA:58,0
DA:59,0
DA:60,0
DA:61,0
DA:62,0
DA:64,0
DA:65,0
DA:66,0
DA:67,0
DA:68,0
DA:69,0
DA:70,0
DA:76,0
DA:77,0
DA:81,0
DA:84,0
DA:88,0
LF:41
LH:0
BRDA:48,0,0,0
BRDA:48,0,1,0
BRDA:59,1,0,0
BRDA:59,1,1,0
BRDA:66,2,0,0
BRDA:66,2,1,0
BRF:6
BRH:0
end_of_record
TN:
SF:/code/src/store/auth/getters.js
FN:1,user
FN:5,loggedIn
FN:9,(anonymous_2)
FN:9,(anonymous_3)
FNF:4
FNH:0
FNDA:0,user
FNDA:0,loggedIn
FNDA:0,(anonymous_2)
FNDA:0,(anonymous_3)
DA:2,0
DA:6,0
DA:9,0
DA:10,0
DA:11,0
DA:12,0
DA:13,0
DA:14,0
DA:15,0
DA:18,0
DA:19,0
DA:20,0
DA:23,0
DA:25,0
LF:14
LH:0
BRDA:11,0,0,0
BRDA:11,0,1,0
BRDA:12,1,0,0
BRDA:12,1,1,0
BRDA:12,2,0,0
BRDA:12,2,1,0
BRDA:14,3,0,0
BRDA:14,3,1,0
BRDA:18,4,0,0
BRDA:18,4,1,0
BRDA:19,5,0,0
BRDA:19,5,1,0
BRF:12
BRH:0
end_of_record
TN:
SF:/code/src/store/auth/index.js
FNF:0
FNH:0
LF:0
LH:0
BRF:0
BRH:0
end_of_record
TN:
SF:/code/src/store/auth/mutations.js
FN:1,setUser
FNF:1
FNH:0
FNDA:0,setUser
DA:2,0
DA:3,0
DA:10,0
LF:3
LH:0
BRDA:2,0,0,0
BRDA:2,0,1,0
BRF:2
BRH:0
end_of_record
TN:
SF:/code/src/store/auth/state.js
FNF:0
FNH:0
LF:0
LH:0
BRF:0
BRH:0
end_of_record
TN:
SF:/code/src/store/chatbot/actions.js
FN:4,fetchMessages
FN:7,(anonymous_1)
FNF:2
FNH:0
FNDA:0,fetchMessages
FNDA:0,(anonymous_1)
DA:5,0
DA:7,0
LF:2
LH:0
BRF:0
BRH:0
end_of_record
TN:
SF:/code/src/store/chatbot/getters.js
FNF:0
FNH:0
LF:0
LH:0
BRF:0
BRH:0
end_of_record
TN:
SF:/code/src/store/chatbot/index.js
FNF:0
FNH:0
LF:0
LH:0
BRF:0
BRH:0
end_of_record
TN:
SF:/code/src/store/chatbot/mutations.js
FN:3,setMessages
FN:7,addMessage
FNF:2
FNH:0
FNDA:0,setMessages
FNDA:0,addMessage
DA:4,0
DA:8,0
LF:2
LH:0
BRF:0
BRH:0
end_of_record
TN:
SF:/code/src/store/chatbot/state.js
FNF:0
FNH:0
LF:0
LH:0
BRF:0
BRH:0
end_of_record
TN:
SF:/code/src/store/documents/actions.js
FN:7,fetchDocuments
FN:10,(anonymous_1)
FNF:2
FNH:0
FNDA:0,fetchDocuments
FNDA:0,(anonymous_1)
DA:8,0
DA:10,0
LF:2
LH:0
BRF:0
BRH:0
end_of_record
TN:
SF:/code/src/store/documents/getters.js
FNF:0
FNH:0
LF:0
LH:0
BRF:0
BRH:0
end_of_record
TN:
SF:/code/src/store/documents/index.js
FNF:0
FNH:0
LF:0
LH:0
BRF:0
BRH:0
end_of_record
TN:
SF:/code/src/store/documents/mutations.js
FN:6,setDocuments
FNF:1
FNH:0
FNDA:0,setDocuments
DA:7,0
LF:1
LH:0
BRF:0
BRH:0
end_of_record
TN:
SF:/code/src/store/documents/state.js
FNF:0
FNH:0
LF:0
LH:0
BRF:0
BRH:0
end_of_record
TN:
SF:/code/src/store/flows/actions.js
FN:6,fetchFlows
FN:9,(anonymous_1)
FN:12,fetchDocuments
FN:15,(anonymous_3)
FNF:4
FNH:0
FNDA:0,fetchFlows
FNDA:0,(anonymous_1)
FNDA:0,fetchDocuments
FNDA:0,(anonymous_3)
DA:7,0
DA:9,0
DA:13,0
DA:15,0
LF:4
LH:0
BRF:0
BRH:0
end_of_record
TN:
SF:/code/src/store/flows/getters.js
FNF:0
FNH:0
LF:0
LH:0
BRF:0
BRH:0
end_of_record
TN:
SF:/code/src/store/flows/index.js
FNF:0
FNH:0
LF:0
LH:0
BRF:0
BRH:0
end_of_record
TN:
SF:/code/src/store/flows/mutations.js
FN:5,setFlows
FN:9,setNodePanelVisible
FN:13,setLongitude
FN:17,setDocuments
FN:21,setFlowData
FNF:5
FNH:0
FNDA:0,setFlows
FNDA:0,setNodePanelVisible
FNDA:0,setLongitude
FNDA:0,setDocuments
FNDA:0,setFlowData
DA:6,0
DA:10,0
DA:14,0
DA:18,0
DA:22,0
LF:5
LH:0
BRF:0
BRH:0
end_of_record
TN:
SF:/code/src/store/flows/state.js
FNF:0
FNH:0
LF:0
LH:0
BRF:0
BRH:0
end_of_record
TN:
SF:/code/src/store/module-example/actions.js
FN:1,someAction
FNF:1
FNH:0
FNDA:0,someAction
LF:0
LH:0
BRF:0
BRH:0
end_of_record
TN:
SF:/code/src/store/module-example/getters.js
FN:1,someGetter
FNF:1
FNH:0
FNDA:0,someGetter
LF:0
LH:0
BRF:0
BRH:0
end_of_record
TN:
SF:/code/src/store/module-example/index.js
FNF:0
FNH:0
LF:0
LH:0
BRF:0
BRH:0
end_of_record
TN:
SF:/code/src/store/module-example/mutations.js
FN:1,someMutation
FNF:1
FNH:0
FNDA:0,someMutation
LF:0
LH:0
BRF:0
BRH:0
end_of_record
TN:
SF:/code/src/store/module-example/state.js
FNF:0
FNH:0
LF:0
LH:0
BRF:0
BRH:0
end_of_record
TN:
SF:/code/src/store/services/actions.js
FN:6,fetchServices
FN:9,(anonymous_1)
FNF:2
FNH:0
FNDA:0,fetchServices
FNDA:0,(anonymous_1)
DA:7,0
DA:9,0
LF:2
LH:0
BRF:0
BRH:0
end_of_record
TN:
SF:/code/src/store/services/getters.js
FNF:0
FNH:0
LF:0
LH:0
BRF:0
BRH:0
end_of_record
TN:
SF:/code/src/store/services/index.js
FNF:0
FNH:0
LF:0
LH:0
BRF:0
BRH:0
end_of_record
TN:
SF:/code/src/store/services/mutations.js
FN:5,setServices
FNF:1
FNH:0
FNDA:0,setServices
DA:6,0
LF:1
LH:0
BRF:0
BRH:0
end_of_record
TN:
SF:/code/src/store/services/state.js
FNF:0
FNH:0
LF:0
LH:0
BRF:0
BRH:0
end_of_record
